[0.013s] Invoking command in '/home/ubuntu/Edited_AirshipMPC/build/neural_network_detector': CMAKE_PREFIX_PATH=/opt/ros/humble /usr/bin/cmake /home/ubuntu/Edited_AirshipMPC/submodules/AirCap/packages/flight/neural_network_detector -DCMAKE_BUILD_TYPE=Release -DAMENT_CMAKE_SYMLINK_INSTALL=1 -DCMAKE_INSTALL_PREFIX=/home/ubuntu/Edited_AirshipMPC/install/neural_network_detector
[0.069s] -- The C compiler identification is GNU 11.4.0
[0.129s] -- The CXX compiler identification is GNU 11.4.0
[0.136s] -- Detecting C compiler ABI info
[0.212s] -- Detecting C compiler ABI info - done
[0.220s] -- Check for working C compiler: /usr/bin/cc - skipped
[0.220s] -- Detecting C compile features
[0.221s] -- Detecting C compile features - done
[0.224s] -- Detecting CXX compiler ABI info
[0.313s] -- Detecting CXX compiler ABI info - done
[0.321s] -- Check for working CXX compiler: /usr/bin/c++ - skipped
[0.321s] -- Detecting CXX compile features
[0.322s] -- Detecting CXX compile features - done
[0.324s] -- Found ament_cmake: 1.3.12 (/opt/ros/humble/share/ament_cmake/cmake)
[0.744s] -- Found Python3: /usr/bin/python3 (found version "3.11.0") found components: Interpreter 
[0.813s] -- Override CMake install command with custom implementation using symlinks instead of copying resources
[0.828s] -- Found rclcpp: 16.0.14 (/opt/ros/humble/share/rclcpp/cmake)
[0.858s] -- Found rosidl_generator_c: 3.1.7 (/opt/ros/humble/share/rosidl_generator_c/cmake)
[0.861s] -- Found rosidl_adapter: 3.1.7 (/opt/ros/humble/share/rosidl_adapter/cmake)
[0.868s] -- Found rosidl_generator_cpp: 3.1.7 (/opt/ros/humble/share/rosidl_generator_cpp/cmake)
[0.879s] -- Using all available rosidl_typesupport_c: rosidl_typesupport_fastrtps_c;rosidl_typesupport_introspection_c
[0.893s] -- Using all available rosidl_typesupport_cpp: rosidl_typesupport_fastrtps_cpp;rosidl_typesupport_introspection_cpp
[0.930s] -- Found rmw_implementation_cmake: 6.1.2 (/opt/ros/humble/share/rmw_implementation_cmake/cmake)
[0.932s] -- Found rmw_fastrtps_cpp: 6.2.8 (/opt/ros/humble/share/rmw_fastrtps_cpp/cmake)
[1.005s] -- Found OpenSSL: /usr/lib/x86_64-linux-gnu/libcrypto.so (found version "3.0.2")  
[1.023s] -- Found FastRTPS: /opt/ros/humble/include  
[1.051s] -- Using RMW implementation 'rmw_fastrtps_cpp' as default
[1.057s] -- Looking for pthread.h
[1.143s] -- Looking for pthread.h - found
[1.144s] -- Performing Test CMAKE_HAVE_LIBC_PTHREAD
[1.229s] -- Performing Test CMAKE_HAVE_LIBC_PTHREAD - Success
[1.231s] -- Found Threads: TRUE  
[1.284s] -- Found geometry_msgs: 4.9.0 (/opt/ros/humble/share/geometry_msgs/cmake)
[1.298s] -- Found sensor_msgs: 4.9.0 (/opt/ros/humble/share/sensor_msgs/cmake)
[1.318s] -- Found nav_msgs: 4.9.0 (/opt/ros/humble/share/nav_msgs/cmake)
[1.336s] -- Found tf2: 0.25.15 (/opt/ros/humble/share/tf2/cmake)
[1.342s] -- Found tf2_ros: 0.25.15 (/opt/ros/humble/share/tf2_ros/cmake)
[1.431s] -- Found tf2_geometry_msgs: 0.25.15 (/opt/ros/humble/share/tf2_geometry_msgs/cmake)
[1.439s] -- Found eigen3_cmake_module: 0.1.1 (/opt/ros/humble/share/eigen3_cmake_module/cmake)
[1.440s] -- Found Eigen3: TRUE (found version "3.4.0") 
[1.440s] -- Ensuring Eigen3 include directory is part of orocos-kdl CMake target
[1.442s] -- Found cv_bridge: 3.2.1 (/opt/ros/humble/share/cv_bridge/cmake)
[1.452s] -- Found image_transport: 3.1.12 (/opt/ros/humble/share/image_transport/cmake)
[1.467s] -- Found OpenCV: /usr (found version "4.5.4") 
[1.468s] -- Found rosidl_default_generators: 1.2.0 (/opt/ros/humble/share/rosidl_default_generators/cmake)
[1.896s] -- Found ament_cmake_ros: 0.10.0 (/opt/ros/humble/share/ament_cmake_ros/cmake)
[2.409s] -- Using all available rosidl_typesupport_c: rosidl_typesupport_fastrtps_c;rosidl_typesupport_introspection_c
[2.607s] -- Using all available rosidl_typesupport_cpp: rosidl_typesupport_fastrtps_cpp;rosidl_typesupport_introspection_cpp
[2.630s] -- Found PythonInterp: /usr/bin/python3 (found suitable version "3.11", minimum required is "3.6") 
[2.631s] -- Found python_cmake_module: 0.10.0 (/opt/ros/humble/share/python_cmake_module/cmake)
[2.659s] -- Found PythonLibs: /usr/lib/x86_64-linux-gnu/libpython3.10.so (found suitable version "3.10.12", minimum required is "3.5") 
[2.659s] -- Using PYTHON_EXECUTABLE: /usr/bin/python3
[2.660s] -- Using PYTHON_INCLUDE_DIRS: /usr/include/python3.10
[2.660s] -- Using PYTHON_LIBRARIES: /usr/lib/x86_64-linux-gnu/libpython3.10.so
[2.681s] -- Found PythonExtra: .so  
[2.764s] [0mCMake Deprecation Warning at /opt/ros/humble/share/rosidl_cmake/cmake/rosidl_target_interfaces.cmake:32 (message):
[2.764s]   Use rosidl_get_typesupport_target() and target_link_libraries() instead of
[2.764s]   rosidl_target_interfaces()
[2.764s] Call Stack (most recent call first):
[2.765s]   CMakeLists.txt:52 (rosidl_target_interfaces)
[2.765s] 
[2.765s] [0m
[2.768s] [0mCMake Deprecation Warning at /opt/ros/humble/share/rosidl_cmake/cmake/rosidl_target_interfaces.cmake:32 (message):
[2.768s]   Use rosidl_get_typesupport_target() and target_link_libraries() instead of
[2.768s]   rosidl_target_interfaces()
[2.768s] Call Stack (most recent call first):
[2.768s]   CMakeLists.txt:59 (rosidl_target_interfaces)
[2.768s] 
[2.768s] [0m
[2.771s] [0mCMake Deprecation Warning at /opt/ros/humble/share/rosidl_cmake/cmake/rosidl_target_interfaces.cmake:32 (message):
[2.771s]   Use rosidl_get_typesupport_target() and target_link_libraries() instead of
[2.771s]   rosidl_target_interfaces()
[2.771s] Call Stack (most recent call first):
[2.771s]   CMakeLists.txt:66 (rosidl_target_interfaces)
[2.771s] 
[2.772s] [0m
[2.775s] [0mCMake Deprecation Warning at /opt/ros/humble/share/rosidl_cmake/cmake/rosidl_target_interfaces.cmake:32 (message):
[2.775s]   Use rosidl_get_typesupport_target() and target_link_libraries() instead of
[2.775s]   rosidl_target_interfaces()
[2.775s] Call Stack (most recent call first):
[2.775s]   CMakeLists.txt:73 (rosidl_target_interfaces)
[2.775s] 
[2.775s] [0m
[2.776s] -- Found ament_lint_auto: 0.12.14 (/opt/ros/humble/share/ament_lint_auto/cmake)
[2.788s] -- Configuring done
[2.884s] -- Generating done
[2.914s] -- Build files have been written to: /home/ubuntu/Edited_AirshipMPC/build/neural_network_detector
[2.934s] Invoked command in '/home/ubuntu/Edited_AirshipMPC/build/neural_network_detector' returned '0': CMAKE_PREFIX_PATH=/opt/ros/humble /usr/bin/cmake /home/ubuntu/Edited_AirshipMPC/submodules/AirCap/packages/flight/neural_network_detector -DCMAKE_BUILD_TYPE=Release -DAMENT_CMAKE_SYMLINK_INSTALL=1 -DCMAKE_INSTALL_PREFIX=/home/ubuntu/Edited_AirshipMPC/install/neural_network_detector
[2.935s] Invoking command in '/home/ubuntu/Edited_AirshipMPC/build/neural_network_detector': CMAKE_PREFIX_PATH=/opt/ros/humble /usr/bin/cmake --build /home/ubuntu/Edited_AirshipMPC/build/neural_network_detector -- -j4 -l4
[2.987s] [  1%] [34m[1mGenerating C code for ROS interfaces[0m
[2.997s] [  3%] [34m[1mGenerating C++ code for ROS interfaces[0m
[3.006s] [  3%] Built target ament_cmake_python_symlink_neural_network_detector
[3.212s] running egg_info
[3.223s] creating neural_network_detector.egg-info
[3.223s] writing neural_network_detector.egg-info/PKG-INFO
[3.223s] writing dependency_links to neural_network_detector.egg-info/dependency_links.txt
[3.224s] writing top-level names to neural_network_detector.egg-info/top_level.txt
[3.224s] writing manifest file 'neural_network_detector.egg-info/SOURCES.txt'
[3.259s] reading manifest file 'neural_network_detector.egg-info/SOURCES.txt'
[3.260s] writing manifest file 'neural_network_detector.egg-info/SOURCES.txt'
[3.299s] [  3%] Built target ament_cmake_python_build_neural_network_detector_egg
[3.464s] [  3%] Built target neural_network_detector__cpp
[3.474s] [  4%] [34m[1mGenerating C++ type support dispatch for ROS interfaces[0m
[3.509s] [  6%] [34m[1mGenerating C++ type support for eProsima Fast-RTPS[0m
[3.510s] [  7%] [34m[1mGenerating C++ introspection for ROS interfaces[0m
[3.520s] [  9%] [32mBuilding C object CMakeFiles/neural_network_detector__rosidl_generator_c.dir/rosidl_generator_c/neural_network_detector/msg/detail/neural_network_detection__functions.c.o[0m
[3.619s] [ 11%] [32mBuilding C object CMakeFiles/neural_network_detector__rosidl_generator_c.dir/rosidl_generator_c/neural_network_detector/msg/detail/neural_network_detection_array__functions.c.o[0m
[3.716s] [ 12%] [32mBuilding C object CMakeFiles/neural_network_detector__rosidl_generator_c.dir/rosidl_generator_c/neural_network_detector/msg/detail/neural_network_feedback__functions.c.o[0m
[3.812s] [ 14%] [32mBuilding C object CMakeFiles/neural_network_detector__rosidl_generator_c.dir/rosidl_generator_c/neural_network_detector/msg/detail/neural_network_number_of_detections__functions.c.o[0m
[3.840s] [ 15%] [32mBuilding CXX object CMakeFiles/neural_network_detector__rosidl_typesupport_cpp.dir/rosidl_typesupport_cpp/neural_network_detector/msg/neural_network_detection__type_support.cpp.o[0m
[3.906s] [ 17%] [32m[1mLinking C shared library libneural_network_detector__rosidl_generator_c.so[0m
[3.946s] [ 17%] Built target neural_network_detector__rosidl_generator_c
[3.949s] [ 19%] [32mBuilding CXX object CMakeFiles/neural_network_detector__rosidl_typesupport_introspection_cpp.dir/rosidl_typesupport_introspection_cpp/neural_network_detector/msg/detail/neural_network_detection__type_support.cpp.o[0m
[3.956s] [ 20%] [34m[1mGenerating C type support for eProsima Fast-RTPS[0m
[3.967s] [ 22%] [32mBuilding CXX object CMakeFiles/neural_network_detector__rosidl_typesupport_fastrtps_cpp.dir/rosidl_typesupport_fastrtps_cpp/neural_network_detector/msg/detail/dds_fastrtps/neural_network_detection__type_support.cpp.o[0m
[4.155s] [ 23%] [32mBuilding CXX object CMakeFiles/neural_network_detector__rosidl_typesupport_cpp.dir/rosidl_typesupport_cpp/neural_network_detector/msg/neural_network_detection_array__type_support.cpp.o[0m
[4.399s] [ 25%] [32mBuilding CXX object CMakeFiles/neural_network_detector__rosidl_typesupport_introspection_cpp.dir/rosidl_typesupport_introspection_cpp/neural_network_detector/msg/detail/neural_network_detection_array__type_support.cpp.o[0m
[4.413s] [ 26%] [32mBuilding CXX object CMakeFiles/neural_network_detector__rosidl_typesupport_fastrtps_c.dir/rosidl_typesupport_fastrtps_c/neural_network_detector/msg/detail/neural_network_detection__type_support_c.cpp.o[0m
[4.443s] [ 28%] [32mBuilding CXX object CMakeFiles/neural_network_detector__rosidl_typesupport_fastrtps_cpp.dir/rosidl_typesupport_fastrtps_cpp/neural_network_detector/msg/detail/dds_fastrtps/neural_network_detection_array__type_support.cpp.o[0m
[4.472s] [ 30%] [32mBuilding CXX object CMakeFiles/neural_network_detector__rosidl_typesupport_cpp.dir/rosidl_typesupport_cpp/neural_network_detector/msg/neural_network_feedback__type_support.cpp.o[0m
[4.778s] [ 31%] [32mBuilding CXX object CMakeFiles/neural_network_detector__rosidl_typesupport_cpp.dir/rosidl_typesupport_cpp/neural_network_detector/msg/neural_network_number_of_detections__type_support.cpp.o[0m
[4.809s] [ 33%] [32mBuilding CXX object CMakeFiles/neural_network_detector__rosidl_typesupport_fastrtps_c.dir/rosidl_typesupport_fastrtps_c/neural_network_detector/msg/detail/neural_network_detection_array__type_support_c.cpp.o[0m
[4.930s] [ 34%] [32mBuilding CXX object CMakeFiles/neural_network_detector__rosidl_typesupport_introspection_cpp.dir/rosidl_typesupport_introspection_cpp/neural_network_detector/msg/detail/neural_network_feedback__type_support.cpp.o[0m
[5.011s] [ 36%] [32mBuilding CXX object CMakeFiles/neural_network_detector__rosidl_typesupport_fastrtps_cpp.dir/rosidl_typesupport_fastrtps_cpp/neural_network_detector/msg/detail/dds_fastrtps/neural_network_feedback__type_support.cpp.o[0m
[5.079s] [ 38%] [32m[1mLinking CXX shared library libneural_network_detector__rosidl_typesupport_cpp.so[0m
[5.126s] [ 38%] Built target neural_network_detector__rosidl_typesupport_cpp
[5.138s] [ 39%] [34m[1mGenerating C introspection for ROS interfaces[0m
[5.197s] [ 41%] [32mBuilding CXX object CMakeFiles/neural_network_detector__rosidl_typesupport_fastrtps_c.dir/rosidl_typesupport_fastrtps_c/neural_network_detector/msg/detail/neural_network_feedback__type_support_c.cpp.o[0m
[5.354s] [ 42%] [32mBuilding CXX object CMakeFiles/neural_network_detector__rosidl_typesupport_introspection_cpp.dir/rosidl_typesupport_introspection_cpp/neural_network_detector/msg/detail/neural_network_number_of_detections__type_support.cpp.o[0m
[5.470s] [ 44%] [32mBuilding CXX object CMakeFiles/neural_network_detector__rosidl_typesupport_fastrtps_cpp.dir/rosidl_typesupport_fastrtps_cpp/neural_network_detector/msg/detail/dds_fastrtps/neural_network_number_of_detections__type_support.cpp.o[0m
[5.586s] [ 46%] [32mBuilding CXX object CMakeFiles/neural_network_detector__rosidl_typesupport_fastrtps_c.dir/rosidl_typesupport_fastrtps_c/neural_network_detector/msg/detail/neural_network_number_of_detections__type_support_c.cpp.o[0m
[5.611s] [ 47%] [32mBuilding C object CMakeFiles/neural_network_detector__rosidl_typesupport_introspection_c.dir/rosidl_typesupport_introspection_c/neural_network_detector/msg/detail/neural_network_detection__type_support.c.o[0m
[5.656s] [ 49%] [32mBuilding C object CMakeFiles/neural_network_detector__rosidl_typesupport_introspection_c.dir/rosidl_typesupport_introspection_c/neural_network_detector/msg/detail/neural_network_detection_array__type_support.c.o[0m
[5.711s] [ 50%] [32mBuilding C object CMakeFiles/neural_network_detector__rosidl_typesupport_introspection_c.dir/rosidl_typesupport_introspection_c/neural_network_detector/msg/detail/neural_network_feedback__type_support.c.o[0m
[5.754s] [ 52%] [32mBuilding C object CMakeFiles/neural_network_detector__rosidl_typesupport_introspection_c.dir/rosidl_typesupport_introspection_c/neural_network_detector/msg/detail/neural_network_number_of_detections__type_support.c.o[0m
[5.780s] [ 53%] [32m[1mLinking CXX shared library libneural_network_detector__rosidl_typesupport_introspection_cpp.so[0m
[5.796s] [ 55%] [32m[1mLinking C shared library libneural_network_detector__rosidl_typesupport_introspection_c.so[0m
[5.833s] [ 55%] Built target neural_network_detector__rosidl_typesupport_introspection_c
[5.846s] [ 57%] [34m[1mGenerating C type support dispatch for ROS interfaces[0m
[5.849s] [ 57%] Built target neural_network_detector__rosidl_typesupport_introspection_cpp
[5.916s] [ 58%] [32m[1mLinking CXX shared library libneural_network_detector__rosidl_typesupport_fastrtps_cpp.so[0m
[5.966s] [ 60%] [32m[1mLinking CXX shared library libneural_network_detector__rosidl_typesupport_fastrtps_c.so[0m
[5.997s] [ 60%] Built target neural_network_detector__rosidl_typesupport_fastrtps_cpp
[6.052s] [ 60%] Built target neural_network_detector__rosidl_typesupport_fastrtps_c
[6.197s] [ 65%] [32mBuilding CXX object CMakeFiles/neural_network_detector__rosidl_typesupport_c.dir/rosidl_typesupport_c/neural_network_detector/msg/neural_network_feedback__type_support.cpp.o[0m
[6.197s] [ 65%] [32mBuilding CXX object CMakeFiles/neural_network_detector__rosidl_typesupport_c.dir/rosidl_typesupport_c/neural_network_detector/msg/neural_network_detection_array__type_support.cpp.o[0m
[6.197s] [ 65%] [32mBuilding CXX object CMakeFiles/neural_network_detector__rosidl_typesupport_c.dir/rosidl_typesupport_c/neural_network_detector/msg/neural_network_number_of_detections__type_support.cpp.o[0m
[6.201s] [ 66%] [32mBuilding CXX object CMakeFiles/neural_network_detector__rosidl_typesupport_c.dir/rosidl_typesupport_c/neural_network_detector/msg/neural_network_detection__type_support.cpp.o[0m
[6.251s] [ 68%] [32m[1mLinking CXX shared library libneural_network_detector__rosidl_typesupport_c.so[0m
[6.297s] [ 68%] Built target neural_network_detector__rosidl_typesupport_c
[6.319s] [ 68%] Built target neural_network_detector
[6.340s] [ 71%] [32mBuilding CXX object CMakeFiles/Overlay.dir/src/Overlay.cpp.o[0m
[6.340s] [ 71%] [34m[1mGenerating Python code for ROS interfaces[0m
[6.341s] [ 73%] [32mBuilding CXX object CMakeFiles/neural_network_detector_node.dir/src/neural_network_detector_node.cpp.o[0m
[6.341s] [ 74%] [32mBuilding CXX object CMakeFiles/NNDetector.dir/src/NNDetector.cpp.o[0m
[7.019s] [ 74%] Built target neural_network_detector__py
[7.042s] [ 76%] [32mBuilding CXX object CMakeFiles/neural_network_detector_overlay_only.dir/src/neural_network_detector_overlay_only.cpp.o[0m
[8.375s] [01m[K/home/ubuntu/Edited_AirshipMPC/submodules/AirCap/packages/flight/neural_network_detector/src/Overlay.cpp:8:10:[m[K [01;31m[Kfatal error: [m[Kros/callback_queue.h: No such file or directory
[8.375s]     8 | #include [01;31m[K<ros/callback_queue.h>[m[K
[8.375s]       |          [01;31m[K^~~~~~~~~~~~~~~~~~~~~~[m[K
[8.375s] compilation terminated.
[8.385s] gmake[2]: *** [CMakeFiles/Overlay.dir/build.make:76: CMakeFiles/Overlay.dir/src/Overlay.cpp.o] Error 1
[8.386s] gmake[1]: *** [CMakeFiles/Makefile2:628: CMakeFiles/Overlay.dir/all] Error 2
[8.386s] gmake[1]: *** Waiting for unfinished jobs....
[10.591s] In file included from [01m[K/home/ubuntu/Edited_AirshipMPC/submodules/AirCap/packages/flight/neural_network_detector/src/neural_network_detector_overlay_only.cpp:5[m[K:
[10.591s] [01m[K/home/ubuntu/Edited_AirshipMPC/submodules/AirCap/packages/flight/neural_network_detector/include/neural_network_detector/Overlay.h:28:9:[m[K [01;31m[Kerror: [m[Knon-static data member declared with placeholder â€˜[01m[Kauto[m[Kâ€™
[10.591s]    28 |         [01;31m[Kauto[m[K pnh_ = rclcpp::Node::make_shared("node_name"){"~"}, nh_;
[10.591s]       |         [01;31m[K^~~~[m[K
[10.591s] [01m[K/home/ubuntu/Edited_AirshipMPC/submodules/AirCap/packages/flight/neural_network_detector/include/neural_network_detector/Overlay.h:28:9:[m[K [01;31m[Kerror: [m[Knon-static data member declared with placeholder â€˜[01m[Kauto[m[Kâ€™
[10.593s] [01m[K/home/ubuntu/Edited_AirshipMPC/submodules/AirCap/packages/flight/neural_network_detector/include/neural_network_detector/Overlay.h:29:50:[m[K [01;31m[Kerror: [m[Kâ€˜[01m[KImage[m[Kâ€™ is not a member of â€˜[01m[Ksensor_msgs[m[Kâ€™; did you mean â€˜[01m[Ksensor_msgs::msg::Image[m[Kâ€™?
[10.593s]    29 |         message_filters::Subscriber<sensor_msgs::[01;31m[KImage[m[K> img_sub_;
[10.593s]       |                                                  [01;31m[K^~~~~[m[K
[10.594s] In file included from [01m[K/opt/ros/humble/include/sensor_msgs/sensor_msgs/msg/image.hpp:7[m[K,
[10.594s]                  from [01m[K/home/ubuntu/Edited_AirshipMPC/submodules/AirCap/packages/flight/neural_network_detector/include/neural_network_detector/Overlay.h:9[m[K,
[10.594s]                  from [01m[K/home/ubuntu/Edited_AirshipMPC/submodules/AirCap/packages/flight/neural_network_detector/src/neural_network_detector_overlay_only.cpp:5[m[K:
[10.594s] [01m[K/opt/ros/humble/include/sensor_msgs/sensor_msgs/msg/detail/image__struct.hpp:208:7:[m[K [01;36m[Knote: [m[Kâ€˜[01m[Ksensor_msgs::msg::Image[m[Kâ€™ declared here
[10.594s]   208 | using [01;36m[KImage[m[K =
[10.594s]       |       [01;36m[K^~~~~[m[K
[10.594s] In file included from [01m[K/home/ubuntu/Edited_AirshipMPC/submodules/AirCap/packages/flight/neural_network_detector/src/neural_network_detector_overlay_only.cpp:5[m[K:
[10.594s] [01m[K/home/ubuntu/Edited_AirshipMPC/submodules/AirCap/packages/flight/neural_network_detector/include/neural_network_detector/Overlay.h:29:55:[m[K [01;31m[Kerror: [m[Ktemplate argument 1 is invalid
[10.594s]    29 |         message_filters::Subscriber<sensor_msgs::Image[01;31m[K>[m[K img_sub_;
[10.594s]       |                                                       [01;31m[K^[m[K
[10.595s] [01m[K/home/ubuntu/Edited_AirshipMPC/submodules/AirCap/packages/flight/neural_network_detector/include/neural_network_detector/Overlay.h:30:37:[m[K [01;31m[Kerror: [m[Kâ€˜[01m[KNeuralNetworkFeedback[m[Kâ€™ was not declared in this scope; did you mean â€˜[01m[Kneural_network_detector::msg::NeuralNetworkFeedback[m[Kâ€™?
[10.596s]    30 |         message_filters::Subscriber<[01;31m[KNeuralNetworkFeedback[m[K> feedback_sub_;
[10.596s]       |                                     [01;31m[K^~~~~~~~~~~~~~~~~~~~~[m[K
[10.596s]       |                                     [32m[Kneural_network_detector::msg::NeuralNetworkFeedback[m[K
[10.596s] In file included from [01m[K/home/ubuntu/Edited_AirshipMPC/build/neural_network_detector/rosidl_generator_cpp/neural_network_detector/msg/neural_network_feedback.hpp:7[m[K,
[10.596s]                  from [01m[K/home/ubuntu/Edited_AirshipMPC/submodules/AirCap/packages/flight/neural_network_detector/include/neural_network_detector/Overlay.h:14[m[K,
[10.596s]                  from [01m[K/home/ubuntu/Edited_AirshipMPC/submodules/AirCap/packages/flight/neural_network_detector/src/neural_network_detector_overlay_only.cpp:5[m[K:
[10.596s] [01m[K/home/ubuntu/Edited_AirshipMPC/build/neural_network_detector/rosidl_generator_cpp/neural_network_detector/msg/detail/neural_network_feedback__struct.hpp:223:7:[m[K [01;36m[Knote: [m[Kâ€˜[01m[Kneural_network_detector::msg::NeuralNetworkFeedback[m[Kâ€™ declared here
[10.596s]   223 | using [01;36m[KNeuralNetworkFeedback[m[K =
[10.596s]       |       [01;36m[K^~~~~~~~~~~~~~~~~~~~~[m[K
[10.596s] In file included from [01m[K/home/ubuntu/Edited_AirshipMPC/submodules/AirCap/packages/flight/neural_network_detector/src/neural_network_detector_overlay_only.cpp:5[m[K:
[10.596s] [01m[K/home/ubuntu/Edited_AirshipMPC/submodules/AirCap/packages/flight/neural_network_detector/include/neural_network_detector/Overlay.h:30:58:[m[K [01;31m[Kerror: [m[Ktemplate argument 1 is invalid
[10.596s]    30 |         message_filters::Subscriber<NeuralNetworkFeedback[01;31m[K>[m[K feedback_sub_;
[10.596s]       |                                                          [01;31m[K^[m[K
[10.597s] [01m[K/home/ubuntu/Edited_AirshipMPC/submodules/AirCap/packages/flight/neural_network_detector/include/neural_network_detector/Overlay.h:31:32:[m[K [01;31m[Kerror: [m[Kâ€˜[01m[KNeuralNetworkFeedback[m[Kâ€™ was not declared in this scope; did you mean â€˜[01m[Kneural_network_detector::msg::NeuralNetworkFeedback[m[Kâ€™?
[10.597s]    31 |         message_filters::Cache<[01;31m[KNeuralNetworkFeedback[m[K> feedback_cache_;
[10.597s]       |                                [01;31m[K^~~~~~~~~~~~~~~~~~~~~[m[K
[10.597s]       |                                [32m[Kneural_network_detector::msg::NeuralNetworkFeedback[m[K
[10.597s] In file included from [01m[K/home/ubuntu/Edited_AirshipMPC/build/neural_network_detector/rosidl_generator_cpp/neural_network_detector/msg/neural_network_feedback.hpp:7[m[K,
[10.597s]                  from [01m[K/home/ubuntu/Edited_AirshipMPC/submodules/AirCap/packages/flight/neural_network_detector/include/neural_network_detector/Overlay.h:14[m[K,
[10.597s]                  from [01m[K/home/ubuntu/Edited_AirshipMPC/submodules/AirCap/packages/flight/neural_network_detector/src/neural_network_detector_overlay_only.cpp:5[m[K:
[10.598s] [01m[K/home/ubuntu/Edited_AirshipMPC/build/neural_network_detector/rosidl_generator_cpp/neural_network_detector/msg/detail/neural_network_feedback__struct.hpp:223:7:[m[K [01;36m[Knote: [m[Kâ€˜[01m[Kneural_network_detector::msg::NeuralNetworkFeedback[m[Kâ€™ declared here
[10.598s]   223 | using [01;36m[KNeuralNetworkFeedback[m[K =
[10.598s]       |       [01;36m[K^~~~~~~~~~~~~~~~~~~~~[m[K
[10.598s] In file included from [01m[K/home/ubuntu/Edited_AirshipMPC/submodules/AirCap/packages/flight/neural_network_detector/src/neural_network_detector_overlay_only.cpp:5[m[K:
[10.598s] [01m[K/home/ubuntu/Edited_AirshipMPC/submodules/AirCap/packages/flight/neural_network_detector/include/neural_network_detector/Overlay.h:31:53:[m[K [01;31m[Kerror: [m[Ktemplate argument 1 is invalid
[10.598s]    31 |         message_filters::Cache<NeuralNetworkFeedback[01;31m[K>[m[K feedback_cache_;
[10.598s]       |                                                     [01;31m[K^[m[K
[10.598s] [01m[K/home/ubuntu/Edited_AirshipMPC/submodules/AirCap/packages/flight/neural_network_detector/include/neural_network_detector/Overlay.h:32:37:[m[K [01;31m[Kerror: [m[Kâ€˜[01m[KNeuralNetworkDetectionArray[m[Kâ€™ was not declared in this scope; did you mean â€˜[01m[Kneural_network_detector::msg::NeuralNetworkDetectionArray[m[Kâ€™?
[10.599s]    32 |         message_filters::Subscriber<[01;31m[KNeuralNetworkDetectionArray[m[K> detections_sub_;
[10.599s]       |                                     [01;31m[K^~~~~~~~~~~~~~~~~~~~~~~~~~~[m[K
[10.599s]       |                                     [32m[Kneural_network_detector::msg::NeuralNetworkDetectionArray[m[K
[10.599s] In file included from [01m[K/home/ubuntu/Edited_AirshipMPC/build/neural_network_detector/rosidl_generator_cpp/neural_network_detector/msg/neural_network_detection_array.hpp:7[m[K,
[10.599s]                  from [01m[K/home/ubuntu/Edited_AirshipMPC/submodules/AirCap/packages/flight/neural_network_detector/include/neural_network_detector/Overlay.h:13[m[K,
[10.599s]                  from [01m[K/home/ubuntu/Edited_AirshipMPC/submodules/AirCap/packages/flight/neural_network_detector/src/neural_network_detector_overlay_only.cpp:5[m[K:
[10.599s] [01m[K/home/ubuntu/Edited_AirshipMPC/build/neural_network_detector/rosidl_generator_cpp/neural_network_detector/msg/detail/neural_network_detection_array__struct.hpp:133:7:[m[K [01;36m[Knote: [m[Kâ€˜[01m[Kneural_network_detector::msg::NeuralNetworkDetectionArray[m[Kâ€™ declared here
[10.599s]   133 | using [01;36m[KNeuralNetworkDetectionArray[m[K =
[10.599s]       |       [01;36m[K^~~~~~~~~~~~~~~~~~~~~~~~~~~[m[K
[10.599s] In file included from [01m[K/home/ubuntu/Edited_AirshipMPC/submodules/AirCap/packages/flight/neural_network_detector/src/neural_network_detector_overlay_only.cpp:5[m[K:
[10.599s] [01m[K/home/ubuntu/Edited_AirshipMPC/submodules/AirCap/packages/flight/neural_network_detector/include/neural_network_detector/Overlay.h:32:64:[m[K [01;31m[Kerror: [m[Ktemplate argument 1 is invalid
[10.599s]    32 |      message_filters::Subscriber<NeuralNetworkDetectionArray[01;31m[K>[m[K detections_sub_;
[10.599s]       |                                                             [01;31m[K^[m[K
[10.599s] 
[10.600s] [01m[K/home/ubuntu/Edited_AirshipMPC/submodules/AirCap/packages/flight/neural_network_detector/include/neural_network_detector/Overlay.h:33:70:[m[K [01;31m[Kerror: [m[Kâ€˜[01m[KImage[m[Kâ€™ is not a member of â€˜[01m[Ksensor_msgs[m[Kâ€™; did you mean â€˜[01m[Ksensor_msgs::msg::Image[m[Kâ€™?
[10.600s]    33 | td::unique_ptr< message_filters::TimeSequencer<sensor_msgs::[01;31m[KImage[m[K> > pimg_delayer_;
[10.600s]       |                                                             [01;31m[K^~~~~[m[K
[10.600s] 
[10.600s] In file included from [01m[K/opt/ros/humble/include/sensor_msgs/sensor_msgs/msg/image.hpp:7[m[K,
[10.600s]                  from [01m[K/home/ubuntu/Edited_AirshipMPC/submodules/AirCap/packages/flight/neural_network_detector/include/neural_network_detector/Overlay.h:9[m[K,
[10.600s]                  from [01m[K/home/ubuntu/Edited_AirshipMPC/submodules/AirCap/packages/flight/neural_network_detector/src/neural_network_detector_overlay_only.cpp:5[m[K:
[10.600s] [01m[K/opt/ros/humble/include/sensor_msgs/sensor_msgs/msg/detail/image__struct.hpp:208:7:[m[K [01;36m[Knote: [m[Kâ€˜[01m[Ksensor_msgs::msg::Image[m[Kâ€™ declared here
[10.601s]   208 | using [01;36m[KImage[m[K =
[10.601s]       |       [01;36m[K^~~~~[m[K
[10.601s] In file included from [01m[K/home/ubuntu/Edited_AirshipMPC/submodules/AirCap/packages/flight/neural_network_detector/src/neural_network_detector_overlay_only.cpp:5[m[K:
[10.601s] [01m[K/home/ubuntu/Edited_AirshipMPC/submodules/AirCap/packages/flight/neural_network_detector/include/neural_network_detector/Overlay.h:33:75:[m[K [01;31m[Kerror: [m[Ktemplate argument 1 is invalid
[10.601s]    33 | nique_ptr< message_filters::TimeSequencer<sensor_msgs::Image[01;31m[K>[m[K > pimg_delayer_;
[10.601s]       |                                                             [01;31m[K^[m[K
[10.601s] 
[10.601s] [01m[K/home/ubuntu/Edited_AirshipMPC/submodules/AirCap/packages/flight/neural_network_detector/include/neural_network_detector/Overlay.h:33:77:[m[K [01;31m[Kerror: [m[Ktemplate argument 1 is invalid
[10.601s]    33 | que_ptr< message_filters::TimeSequencer<sensor_msgs::Image> [01;31m[K>[m[K pimg_delayer_;
[10.601s]       |                                                             [01;31m[K^[m[K
[10.601s] 
[10.601s] [01m[K/home/ubuntu/Edited_AirshipMPC/submodules/AirCap/packages/flight/neural_network_detector/include/neural_network_detector/Overlay.h:33:77:[m[K [01;31m[Kerror: [m[Ktemplate argument 2 is invalid
[10.602s] [01m[K/home/ubuntu/Edited_AirshipMPC/submodules/AirCap/packages/flight/neural_network_detector/include/neural_network_detector/Overlay.h:34:60:[m[K [01;31m[Kerror: [m[Kâ€˜[01m[KNeuralNetworkDetectionArray[m[Kâ€™ was not declared in this scope; did you mean â€˜[01m[Kneural_network_detector::msg::NeuralNetworkDetectionArray[m[Kâ€™?
[10.602s]    34 |         std::unique_ptr< message_filters::TimeSynchronizer<[01;31m[KNeuralNetworkDetectionArray[m[K, sensor_msgs::Image> > pimg_detection_sync_;
[10.602s]       |                                                            [01;31m[K^~~~~~~~~~~~~~~~~~~~~~~~~~~[m[K
[10.602s]       |                                                            [32m[Kneural_network_detector::msg::NeuralNetworkDetectionArray[m[K
[10.602s] In file included from [01m[K/home/ubuntu/Edited_AirshipMPC/build/neural_network_detector/rosidl_generator_cpp/neural_network_detector/msg/neural_network_detection_array.hpp:7[m[K,
[10.602s]                  from [01m[K/home/ubuntu/Edited_AirshipMPC/submodules/AirCap/packages/flight/neural_network_detector/include/neural_network_detector/Overlay.h:13[m[K,
[10.602s]                  from [01m[K/home/ubuntu/Edited_AirshipMPC/submodules/AirCap/packages/flight/neural_network_detector/src/neural_network_detector_overlay_only.cpp:5[m[K:
[10.602s] [01m[K/home/ubuntu/Edited_AirshipMPC/build/neural_network_detector/rosidl_generator_cpp/neural_network_detector/msg/detail/neural_network_detection_array__struct.hpp:133:7:[m[K [01;36m[Knote: [m[Kâ€˜[01m[Kneural_network_detector::msg::NeuralNetworkDetectionArray[m[Kâ€™ declared here
[10.602s]   133 | using [01;36m[KNeuralNetworkDetectionArray[m[K =
[10.602s]       |       [01;36m[K^~~~~~~~~~~~~~~~~~~~~~~~~~~[m[K
[10.603s] In file included from [01m[K/home/ubuntu/Edited_AirshipMPC/submodules/AirCap/packages/flight/neural_network_detector/src/neural_network_detector_overlay_only.cpp:5[m[K:
[10.603s] [01m[K/home/ubuntu/Edited_AirshipMPC/submodules/AirCap/packages/flight/neural_network_detector/include/neural_network_detector/Overlay.h:34:102:[m[K [01;31m[Kerror: [m[Kâ€˜[01m[KImage[m[Kâ€™ is not a member of â€˜[01m[Ksensor_msgs[m[Kâ€™; did you mean â€˜[01m[Ksensor_msgs::msg::Image[m[Kâ€™?
[10.603s]    34 | :TimeSynchronizer<NeuralNetworkDetectionArray, sensor_msgs::[01;31m[KImage[m[K> > pimg_detection_sync_;
[10.603s]       |                                                             [01;31m[K^~~~~[m[K
[10.603s] 
[10.603s] In file included from [01m[K/opt/ros/humble/include/sensor_msgs/sensor_msgs/msg/image.hpp:7[m[K,
[10.603s]                  from [01m[K/home/ubuntu/Edited_AirshipMPC/submodules/AirCap/packages/flight/neural_network_detector/include/neural_network_detector/Overlay.h:9[m[K,
[10.603s]                  from [01m[K/home/ubuntu/Edited_AirshipMPC/submodules/AirCap/packages/flight/neural_network_detector/src/neural_network_detector_overlay_only.cpp:5[m[K:
[10.603s] [01m[K/opt/ros/humble/include/sensor_msgs/sensor_msgs/msg/detail/image__struct.hpp:208:7:[m[K [01;36m[Knote: [m[Kâ€˜[01m[Ksensor_msgs::msg::Image[m[Kâ€™ declared here
[10.603s]   208 | using [01;36m[KImage[m[K =
[10.604s]       |       [01;36m[K^~~~~[m[K
[10.604s] In file included from [01m[K/home/ubuntu/Edited_AirshipMPC/submodules/AirCap/packages/flight/neural_network_detector/src/neural_network_detector_overlay_only.cpp:5[m[K:
[10.604s] [01m[K/home/ubuntu/Edited_AirshipMPC/submodules/AirCap/packages/flight/neural_network_detector/include/neural_network_detector/Overlay.h:34:107:[m[K [01;31m[Kerror: [m[Ktemplate argument 1 is invalid
[10.604s]    34 | Synchronizer<NeuralNetworkDetectionArray, sensor_msgs::Image[01;31m[K>[m[K > pimg_detection_sync_;
[10.604s]       |                                                             [01;31m[K^[m[K
[10.604s] 
[10.604s] [01m[K/home/ubuntu/Edited_AirshipMPC/submodules/AirCap/packages/flight/neural_network_detector/include/neural_network_detector/Overlay.h:34:107:[m[K [01;31m[Kerror: [m[Ktemplate argument 2 is invalid
[10.604s] [01m[K/home/ubuntu/Edited_AirshipMPC/submodules/AirCap/packages/flight/neural_network_detector/include/neural_network_detector/Overlay.h:34:109:[m[K [01;31m[Kerror: [m[Ktemplate argument 1 is invalid
[10.604s]    34 | nchronizer<NeuralNetworkDetectionArray, sensor_msgs::Image> [01;31m[K>[m[K pimg_detection_sync_;
[10.604s]       |                                                             [01;31m[K^[m[K
[10.604s] 
[10.604s] [01m[K/home/ubuntu/Edited_AirshipMPC/submodules/AirCap/packages/flight/neural_network_detector/include/neural_network_detector/Overlay.h:34:109:[m[K [01;31m[Kerror: [m[Ktemplate argument 2 is invalid
[10.614s] In file included from [01m[K/home/ubuntu/Edited_AirshipMPC/submodules/AirCap/packages/flight/neural_network_detector/src/neural_network_detector_overlay_only.cpp:5[m[K:
[10.614s] [01m[K/home/ubuntu/Edited_AirshipMPC/submodules/AirCap/packages/flight/neural_network_detector/include/neural_network_detector/Overlay.h:36:18:[m[K [01;31m[Kerror: [m[Kâ€˜[01m[Kros[m[Kâ€™ was not declared in this scope; did you mean â€˜[01m[Kcos[m[Kâ€™?
[10.614s]    36 |         std::map<[01;31m[Kros[m[K::Time, NeuralNetworkDetectionArray> stamp_detection_map_;
[10.614s]       |                  [01;31m[K^~~[m[K
[10.614s]       |                  [32m[Kcos[m[K
[10.615s] [01m[K/home/ubuntu/Edited_AirshipMPC/submodules/AirCap/packages/flight/neural_network_detector/include/neural_network_detector/Overlay.h:36:56:[m[K [01;31m[Kerror: [m[Kwrong number of template arguments (1, should be at least 2)
[10.615s]    36 |         std::map<ros::Time, NeuralNetworkDetectionArray[01;31m[K>[m[K stamp_detection_map_;
[10.615s]       |                                                        [01;31m[K^[m[K
[10.615s] In file included from [01m[K/usr/include/c++/11/map:61[m[K,
[10.615s]                  from [01m[K/opt/ros/humble/include/rclcpp/rclcpp/executor.hpp:24[m[K,
[10.615s]                  from [01m[K/opt/ros/humble/include/rclcpp/rclcpp/executors/multi_threaded_executor.hpp:25[m[K,
[10.615s]                  from [01m[K/opt/ros/humble/include/rclcpp/rclcpp/executors.hpp:21[m[K,
[10.615s]                  from [01m[K/opt/ros/humble/include/rclcpp/rclcpp/rclcpp.hpp:155[m[K,
[10.615s]                  from [01m[K/home/ubuntu/Edited_AirshipMPC/submodules/AirCap/packages/flight/neural_network_detector/include/neural_network_detector/Overlay.h:8[m[K,
[10.615s]                  from [01m[K/home/ubuntu/Edited_AirshipMPC/submodules/AirCap/packages/flight/neural_network_detector/src/neural_network_detector_overlay_only.cpp:5[m[K:
[10.615s] [01m[K/usr/include/c++/11/bits/stl_map.h:100:11:[m[K [01;36m[Knote: [m[Kprovided for â€˜[01m[Ktemplate<class _Key, class _Tp, class _Compare, class _Alloc> class std::map[m[Kâ€™
[10.615s]   100 |     class [01;36m[Kmap[m[K
[10.615s]       |           [01;36m[K^~~[m[K
[10.615s] In file included from [01m[K/home/ubuntu/Edited_AirshipMPC/submodules/AirCap/packages/flight/neural_network_detector/src/neural_network_detector_overlay_only.cpp:5[m[K:
[10.615s] [01m[K/home/ubuntu/Edited_AirshipMPC/submodules/AirCap/packages/flight/neural_network_detector/include/neural_network_detector/Overlay.h:40:9:[m[K [01;31m[Kerror: [m[Kâ€˜[01m[Kros[m[Kâ€™ does not name a type
[10.615s]    40 |         [01;31m[Kros[m[K::Duration timeout_;
[10.615s]       |         [01;31m[K^~~[m[K
[10.633s] [01m[K/home/ubuntu/Edited_AirshipMPC/submodules/AirCap/packages/flight/neural_network_detector/include/neural_network_detector/Overlay.h:48:47:[m[K [01;31m[Kerror: [m[Kâ€˜[01m[KNeuralNetworkDetectionArray[m[Kâ€™ does not name a type
[10.633s]    48 |         void draw_detections(cv::Mat &, const [01;31m[KNeuralNetworkDetectionArray[m[K *);
[10.633s]       |                                               [01;31m[K^~~~~~~~~~~~~~~~~~~~~~~~~~~[m[K
[10.642s] [01m[K/home/ubuntu/Edited_AirshipMPC/submodules/AirCap/packages/flight/neural_network_detector/include/neural_network_detector/Overlay.h:59:50:[m[K [01;31m[Kerror: [m[Kâ€˜[01m[KNeuralNetworkDetectionArrayConstPtr[m[Kâ€™ does not name a type
[10.642s]    59 |         void registerNewDetectionImagePair(const [01;31m[KNeuralNetworkDetectionArrayConstPtr[m[K &, const sensor_msgs::ImageConstPtr &);
[10.642s]       |                                                  [01;31m[K^~~~~~~~~~~~~~~~~~~~~~~~~~~~~~~~~~~[m[K
[10.642s] [01m[K/home/ubuntu/Edited_AirshipMPC/submodules/AirCap/packages/flight/neural_network_detector/include/neural_network_detector/Overlay.h:59:108:[m[K [01;31m[Kerror: [m[Kâ€˜[01m[KImageConstPtr[m[Kâ€™ in namespace â€˜[01m[Ksensor_msgs[m[Kâ€™ does not name a type
[10.642s]    59 | t NeuralNetworkDetectionArrayConstPtr &, const sensor_msgs::[01;31m[KImageConstPtr[m[K &);
[10.642s]       |                                                             [01;31m[K^~~~~~~~~~~~~[m[K
[10.642s] 
[10.642s] [01m[K/home/ubuntu/Edited_AirshipMPC/submodules/AirCap/packages/flight/neural_network_detector/include/neural_network_detector/Overlay.h:60:45:[m[K [01;31m[Kerror: [m[Kâ€˜[01m[KImageConstPtr[m[Kâ€™ in namespace â€˜[01m[Ksensor_msgs[m[Kâ€™ does not name a type
[10.642s]    60 |         void imgCallback(const sensor_msgs::[01;31m[KImageConstPtr[m[K &);
[10.642s]       |                                             [01;31m[K^~~~~~~~~~~~~[m[K
[10.649s] [01m[K/home/ubuntu/Edited_AirshipMPC/submodules/AirCap/packages/flight/neural_network_detector/src/neural_network_detector_overlay_only.cpp:[m[K In function â€˜[01m[Kint main(int, char**)[m[Kâ€™:
[10.649s] [01m[K/home/ubuntu/Edited_AirshipMPC/submodules/AirCap/packages/flight/neural_network_detector/src/neural_network_detector_overlay_only.cpp:13:18:[m[K [01;31m[Kerror: [m[Kâ€˜[01m[Knode[m[Kâ€™ was not declared in this scope
[10.649s]    13 |     rclcpp::spin([01;31m[Knode[m[K);
[10.649s]       |                  [01;31m[K^~~~[m[K
[11.360s] gmake[2]: *** [CMakeFiles/neural_network_detector_overlay_only.dir/build.make:76: CMakeFiles/neural_network_detector_overlay_only.dir/src/neural_network_detector_overlay_only.cpp.o] Error 1
[11.360s] gmake[1]: *** [CMakeFiles/Makefile2:684: CMakeFiles/neural_network_detector_overlay_only.dir/all] Error 2
[12.390s] In file included from [01m[K/home/ubuntu/Edited_AirshipMPC/submodules/AirCap/packages/flight/neural_network_detector/src/NNDetector.cpp:5[m[K:
[12.391s] [01m[K/home/ubuntu/Edited_AirshipMPC/submodules/AirCap/packages/flight/neural_network_detector/include/neural_network_detector/NNDetector.h:37:30:[m[K [01;31m[Kerror: [m[Kâ€˜[01m[KNeuralNetworkFeedback[m[Kâ€™ does not name a type
[12.391s]    37 | cv::Rect get_crop_area(const [01;31m[KNeuralNetworkFeedback[m[K &latest_feedback, const cv::Size2i &original_resolution, const cv::Size2i &desired_resolution, float aspect_ratio, cv::projection2i& proj_crop, bool timed_out);
[12.391s]       |                              [01;31m[K^~~~~~~~~~~~~~~~~~~~~[m[K
[12.399s] In file included from [01m[K/home/ubuntu/Edited_AirshipMPC/submodules/AirCap/packages/flight/neural_network_detector/src/NNDetector.cpp:5[m[K:
[12.400s] [01m[K/home/ubuntu/Edited_AirshipMPC/submodules/AirCap/packages/flight/neural_network_detector/include/neural_network_detector/NNDetector.h:43:3:[m[K [01;31m[Kerror: [m[Knon-static data member declared with placeholder â€˜[01m[Kauto[m[Kâ€™
[12.400s]    43 |   [01;31m[Kauto[m[K pnh_ = rclcpp::Node::make_shared("node_name"){"~"}, nh_;
[12.400s]       |   [01;31m[K^~~~[m[K
[12.400s] [01m[K/home/ubuntu/Edited_AirshipMPC/submodules/AirCap/packages/flight/neural_network_detector/include/neural_network_detector/NNDetector.h:43:3:[m[K [01;31m[Kerror: [m[Knon-static data member declared with placeholder â€˜[01m[Kauto[m[Kâ€™
[12.409s] [01m[K/home/ubuntu/Edited_AirshipMPC/submodules/AirCap/packages/flight/neural_network_detector/include/neural_network_detector/NNDetector.h:49:21:[m[K [01;31m[Kerror: [m[Kwrong number of template arguments (0, should be at least 1)
[12.409s]    49 |   rclcpp::Publisher<[01;31m[K>[m[K::SharedPtr detection_pub_;
[12.409s]       |                     [01;31m[K^[m[K
[12.409s] In file included from [01m[K/opt/ros/humble/include/rclcpp/rclcpp/topic_statistics/subscription_topic_statistics.hpp:31[m[K,
[12.409s]                  from [01m[K/opt/ros/humble/include/rclcpp/rclcpp/subscription.hpp:50[m[K,
[12.410s]                  from [01m[K/opt/ros/humble/include/rclcpp/rclcpp/any_executable.hpp:25[m[K,
[12.410s]                  from [01m[K/opt/ros/humble/include/rclcpp/rclcpp/memory_strategy.hpp:25[m[K,
[12.410s]                  from [01m[K/opt/ros/humble/include/rclcpp/rclcpp/memory_strategies.hpp:18[m[K,
[12.410s]                  from [01m[K/opt/ros/humble/include/rclcpp/rclcpp/executor_options.hpp:20[m[K,
[12.410s]                  from [01m[K/opt/ros/humble/include/rclcpp/rclcpp/executor.hpp:37[m[K,
[12.410s]                  from [01m[K/opt/ros/humble/include/rclcpp/rclcpp/executors/multi_threaded_executor.hpp:25[m[K,
[12.410s]                  from [01m[K/opt/ros/humble/include/rclcpp/rclcpp/executors.hpp:21[m[K,
[12.410s]                  from [01m[K/opt/ros/humble/include/rclcpp/rclcpp/rclcpp.hpp:155[m[K,
[12.410s]                  from [01m[K/home/ubuntu/Edited_AirshipMPC/submodules/AirCap/packages/flight/neural_network_detector/include/neural_network_detector/NNDetector.h:8[m[K,
[12.410s]                  from [01m[K/home/ubuntu/Edited_AirshipMPC/submodules/AirCap/packages/flight/neural_network_detector/src/NNDetector.cpp:5[m[K:
[12.410s] [01m[K/opt/ros/humble/include/rclcpp/rclcpp/publisher.hpp:77:7:[m[K [01;36m[Knote: [m[Kprovided for â€˜[01m[Ktemplate<class MessageT, class AllocatorT> class rclcpp::Publisher[m[Kâ€™
[12.410s]    77 | class [01;36m[KPublisher[m[K : public PublisherBase
[12.410s]       |       [01;36m[K^~~~~~~~~[m[K
[12.410s] In file included from [01m[K/home/ubuntu/Edited_AirshipMPC/submodules/AirCap/packages/flight/neural_network_detector/src/NNDetector.cpp:5[m[K:
[12.410s] [01m[K/home/ubuntu/Edited_AirshipMPC/submodules/AirCap/packages/flight/neural_network_detector/include/neural_network_detector/NNDetector.h:49:24:[m[K [01;31m[Kerror: [m[Kexpected â€˜[01m[K;[m[Kâ€™ at end of member declaration
[12.410s]    49 |   rclcpp::Publisher<>::[01;31m[KSharedPtr[m[K detection_pub_;
[12.410s]       |                        [01;31m[K^~~~~~~~~[m[K
[12.410s]       |                                 [32m[K;[m[K
[12.419s] [01m[K/home/ubuntu/Edited_AirshipMPC/submodules/AirCap/packages/flight/neural_network_detector/include/neural_network_detector/NNDetector.h:49:34:[m[K [01;31m[Kerror: [m[Kâ€˜[01m[Kdetection_pub_[m[Kâ€™ does not name a type; did you mean â€˜[01m[Kdetection_info[m[Kâ€™?
[12.419s]    49 |   rclcpp::Publisher<>::SharedPtr [01;31m[Kdetection_pub_[m[K;
[12.419s]       |                                  [01;31m[K^~~~~~~~~~~~~~[m[K
[12.419s]       |                                  [32m[Kdetection_info[m[K
[12.420s] [01m[K/home/ubuntu/Edited_AirshipMPC/submodules/AirCap/packages/flight/neural_network_detector/include/neural_network_detector/NNDetector.h:51:24:[m[K [01;31m[Kerror: [m[Kwrong number of template arguments (0, should be at least 1)
[12.420s]    51 |   rclcpp::Subscription<[01;31m[K>[m[K::SharedPtr feedback_sub_;
[12.420s]       |                        [01;31m[K^[m[K
[12.420s] In file included from [01m[K/opt/ros/humble/include/rclcpp/rclcpp/any_executable.hpp:25[m[K,
[12.420s]                  from [01m[K/opt/ros/humble/include/rclcpp/rclcpp/memory_strategy.hpp:25[m[K,
[12.420s]                  from [01m[K/opt/ros/humble/include/rclcpp/rclcpp/memory_strategies.hpp:18[m[K,
[12.420s]                  from [01m[K/opt/ros/humble/include/rclcpp/rclcpp/executor_options.hpp:20[m[K,
[12.420s]                  from [01m[K/opt/ros/humble/include/rclcpp/rclcpp/executor.hpp:37[m[K,
[12.420s]                  from [01m[K/opt/ros/humble/include/rclcpp/rclcpp/executors/multi_threaded_executor.hpp:25[m[K,
[12.420s]                  from [01m[K/opt/ros/humble/include/rclcpp/rclcpp/executors.hpp:21[m[K,
[12.420s]                  from [01m[K/opt/ros/humble/include/rclcpp/rclcpp/rclcpp.hpp:155[m[K,
[12.420s]                  from [01m[K/home/ubuntu/Edited_AirshipMPC/submodules/AirCap/packages/flight/neural_network_detector/include/neural_network_detector/NNDetector.h:8[m[K,
[12.420s]                  from [01m[K/home/ubuntu/Edited_AirshipMPC/submodules/AirCap/packages/flight/neural_network_detector/src/NNDetector.cpp:5[m[K:
[12.420s] [01m[K/opt/ros/humble/include/rclcpp/rclcpp/subscription.hpp:75:7:[m[K [01;36m[Knote: [m[Kprovided for â€˜[01m[Ktemplate<class MessageT, class AllocatorT, class SubscribedT, class ROSMessageT, class MessageMemoryStrategyT> class rclcpp::Subscription[m[Kâ€™
[12.420s]    75 | class [01;36m[KSubscription[m[K : public SubscriptionBase
[12.420s]       |       [01;36m[K^~~~~~~~~~~~[m[K
[12.420s] In file included from [01m[K/home/ubuntu/Edited_AirshipMPC/submodules/AirCap/packages/flight/neural_network_detector/src/NNDetector.cpp:5[m[K:
[12.420s] [01m[K/home/ubuntu/Edited_AirshipMPC/submodules/AirCap/packages/flight/neural_network_detector/include/neural_network_detector/NNDetector.h:51:27:[m[K [01;31m[Kerror: [m[Kexpected â€˜[01m[K;[m[Kâ€™ at end of member declaration
[12.420s]    51 |   rclcpp::Subscription<>::[01;31m[KSharedPtr[m[K feedback_sub_;
[12.420s]       |                           [01;31m[K^~~~~~~~~[m[K
[12.421s]       |                                    [32m[K;[m[K
[12.421s] [01m[K/home/ubuntu/Edited_AirshipMPC/submodules/AirCap/packages/flight/neural_network_detector/include/neural_network_detector/NNDetector.h:51:27:[m[K [01;31m[Kerror: [m[Kredeclaration of â€˜[01m[Kint neural_network_detector::NNDetector::SharedPtr[m[Kâ€™
[12.421s] [01m[K/home/ubuntu/Edited_AirshipMPC/submodules/AirCap/packages/flight/neural_network_detector/include/neural_network_detector/NNDetector.h:49:24:[m[K [01;36m[Knote: [m[Kprevious declaration â€˜[01m[Kint neural_network_detector::NNDetector::SharedPtr[m[Kâ€™
[12.421s]    49 |   rclcpp::Publisher<>::[01;36m[KSharedPtr[m[K detection_pub_;
[12.421s]       |                        [01;36m[K^~~~~~~~~[m[K
[12.426s] In file included from [01m[K/home/ubuntu/Edited_AirshipMPC/submodules/AirCap/packages/flight/neural_network_detector/src/neural_network_detector_node.cpp:5[m[K:
[12.426s] [01m[K/home/ubuntu/Edited_AirshipMPC/submodules/AirCap/packages/flight/neural_network_detector/include/neural_network_detector/NNDetector.h:37:30:[m[K [01;31m[Kerror: [m[Kâ€˜[01m[KNeuralNetworkFeedback[m[Kâ€™ does not name a type
[12.426s]    37 | cv::Rect get_crop_area(const [01;31m[KNeuralNetworkFeedback[m[K &latest_feedback, const cv::Size2i &original_resolution, const cv::Size2i &desired_resolution, float aspect_ratio, cv::projection2i& proj_crop, bool timed_out);
[12.426s]       |                              [01;31m[K^~~~~~~~~~~~~~~~~~~~~[m[K
[12.431s] [01m[K/home/ubuntu/Edited_AirshipMPC/submodules/AirCap/packages/flight/neural_network_detector/include/neural_network_detector/NNDetector.h:51:37:[m[K [01;31m[Kerror: [m[Kâ€˜[01m[Kfeedback_sub_[m[Kâ€™ does not name a type
[12.431s]    51 |   rclcpp::Subscription<>::SharedPtr [01;31m[Kfeedback_sub_[m[K;
[12.431s]       |                                     [01;31m[K^~~~~~~~~~~~~[m[K
[12.431s] [01m[K/home/ubuntu/Edited_AirshipMPC/submodules/AirCap/packages/flight/neural_network_detector/include/neural_network_detector/NNDetector.h:52:28:[m[K [01;31m[Kerror: [m[Kâ€˜[01m[KNeuralNetworkFeedback[m[Kâ€™ in namespace â€˜[01m[Kneural_network_detector[m[Kâ€™ does not name a type
[12.431s]    52 |   neural_network_detector::[01;31m[KNeuralNetworkFeedback[m[K latest_feedback_;
[12.431s]       |                            [01;31m[K^~~~~~~~~~~~~~~~~~~~~[m[K
[12.434s] In file included from [01m[K/home/ubuntu/Edited_AirshipMPC/submodules/AirCap/packages/flight/neural_network_detector/src/neural_network_detector_node.cpp:5[m[K:
[12.435s] [01m[K/home/ubuntu/Edited_AirshipMPC/submodules/AirCap/packages/flight/neural_network_detector/include/neural_network_detector/NNDetector.h:43:3:[m[K [01;31m[Kerror: [m[Knon-static data member declared with placeholder â€˜[01m[Kauto[m[Kâ€™
[12.435s]    43 |   [01;31m[Kauto[m[K pnh_ = rclcpp::Node::make_shared("node_name"){"~"}, nh_;
[12.435s]       |   [01;31m[K^~~~[m[K
[12.435s] [01m[K/home/ubuntu/Edited_AirshipMPC/submodules/AirCap/packages/flight/neural_network_detector/include/neural_network_detector/NNDetector.h:43:3:[m[K [01;31m[Kerror: [m[Knon-static data member declared with placeholder â€˜[01m[Kauto[m[Kâ€™
[12.435s] [01m[K/home/ubuntu/Edited_AirshipMPC/submodules/AirCap/packages/flight/neural_network_detector/include/neural_network_detector/NNDetector.h:53:3:[m[K [01;31m[Kerror: [m[Kâ€˜[01m[Kros[m[Kâ€™ does not name a type
[12.435s]    53 |   [01;31m[Kros[m[K::Duration timeout_;
[12.435s]       |   [01;31m[K^~~[m[K
[12.435s] [01m[K/home/ubuntu/Edited_AirshipMPC/submodules/AirCap/packages/flight/neural_network_detector/include/neural_network_detector/NNDetector.h:54:21:[m[K [01;31m[Kerror: [m[Kwrong number of template arguments (0, should be at least 1)
[12.435s]    54 |   rclcpp::Publisher<[01;31m[K>[m[K::SharedPtr detection_amount_pub_;
[12.435s]       |                     [01;31m[K^[m[K
[12.435s] In file included from [01m[K/opt/ros/humble/include/rclcpp/rclcpp/topic_statistics/subscription_topic_statistics.hpp:31[m[K,
[12.435s]                  from [01m[K/opt/ros/humble/include/rclcpp/rclcpp/subscription.hpp:50[m[K,
[12.435s]                  from [01m[K/opt/ros/humble/include/rclcpp/rclcpp/any_executable.hpp:25[m[K,
[12.435s]                  from [01m[K/opt/ros/humble/include/rclcpp/rclcpp/memory_strategy.hpp:25[m[K,
[12.435s]                  from [01m[K/opt/ros/humble/include/rclcpp/rclcpp/memory_strategies.hpp:18[m[K,
[12.435s]                  from [01m[K/opt/ros/humble/include/rclcpp/rclcpp/executor_options.hpp:20[m[K,
[12.435s]                  from [01m[K/opt/ros/humble/include/rclcpp/rclcpp/executor.hpp:37[m[K,
[12.436s]                  from [01m[K/opt/ros/humble/include/rclcpp/rclcpp/executors/multi_threaded_executor.hpp:25[m[K,
[12.436s]                  from [01m[K/opt/ros/humble/include/rclcpp/rclcpp/executors.hpp:21[m[K,
[12.436s]                  from [01m[K/opt/ros/humble/include/rclcpp/rclcpp/rclcpp.hpp:155[m[K,
[12.436s]                  from [01m[K/home/ubuntu/Edited_AirshipMPC/submodules/AirCap/packages/flight/neural_network_detector/include/neural_network_detector/NNDetector.h:8[m[K,
[12.436s]                  from [01m[K/home/ubuntu/Edited_AirshipMPC/submodules/AirCap/packages/flight/neural_network_detector/src/NNDetector.cpp:5[m[K:
[12.436s] [01m[K/opt/ros/humble/include/rclcpp/rclcpp/publisher.hpp:77:7:[m[K [01;36m[Knote: [m[Kprovided for â€˜[01m[Ktemplate<class MessageT, class AllocatorT> class rclcpp::Publisher[m[Kâ€™
[12.436s]    77 | class [01;36m[KPublisher[m[K : public PublisherBase
[12.436s]       |       [01;36m[K^~~~~~~~~[m[K
[12.436s] In file included from [01m[K/home/ubuntu/Edited_AirshipMPC/submodules/AirCap/packages/flight/neural_network_detector/src/NNDetector.cpp:5[m[K:
[12.436s] [01m[K/home/ubuntu/Edited_AirshipMPC/submodules/AirCap/packages/flight/neural_network_detector/include/neural_network_detector/NNDetector.h:54:24:[m[K [01;31m[Kerror: [m[Kexpected â€˜[01m[K;[m[Kâ€™ at end of member declaration
[12.436s]    54 |   rclcpp::Publisher<>::[01;31m[KSharedPtr[m[K detection_amount_pub_;
[12.436s]       |                        [01;31m[K^~~~~~~~~[m[K
[12.436s]       |                                 [32m[K;[m[K
[12.436s] [01m[K/home/ubuntu/Edited_AirshipMPC/submodules/AirCap/packages/flight/neural_network_detector/include/neural_network_detector/NNDetector.h:54:24:[m[K [01;31m[Kerror: [m[Kredeclaration of â€˜[01m[Kint neural_network_detector::NNDetector::SharedPtr[m[Kâ€™
[12.436s] [01m[K/home/ubuntu/Edited_AirshipMPC/submodules/AirCap/packages/flight/neural_network_detector/include/neural_network_detector/NNDetector.h:49:24:[m[K [01;36m[Knote: [m[Kprevious declaration â€˜[01m[Kint neural_network_detector::NNDetector::SharedPtr[m[Kâ€™
[12.436s]    49 |   rclcpp::Publisher<>::[01;36m[KSharedPtr[m[K detection_pub_;
[12.436s]       |                        [01;36m[K^~~~~~~~~[m[K
[12.444s] [01m[K/home/ubuntu/Edited_AirshipMPC/submodules/AirCap/packages/flight/neural_network_detector/include/neural_network_detector/NNDetector.h:49:21:[m[K [01;31m[Kerror: [m[Kwrong number of template arguments (0, should be at least 1)
[12.444s]    49 |   rclcpp::Publisher<[01;31m[K>[m[K::SharedPtr detection_pub_;
[12.444s]       |                     [01;31m[K^[m[K
[12.444s] In file included from [01m[K/opt/ros/humble/include/rclcpp/rclcpp/topic_statistics/subscription_topic_statistics.hpp:31[m[K,
[12.444s]                  from [01m[K/opt/ros/humble/include/rclcpp/rclcpp/subscription.hpp:50[m[K,
[12.444s]                  from [01m[K/opt/ros/humble/include/rclcpp/rclcpp/any_executable.hpp:25[m[K,
[12.444s]                  from [01m[K/opt/ros/humble/include/rclcpp/rclcpp/memory_strategy.hpp:25[m[K,
[12.444s]                  from [01m[K/opt/ros/humble/include/rclcpp/rclcpp/memory_strategies.hpp:18[m[K,
[12.444s]                  from [01m[K/opt/ros/humble/include/rclcpp/rclcpp/executor_options.hpp:20[m[K,
[12.444s]                  from [01m[K/opt/ros/humble/include/rclcpp/rclcpp/executor.hpp:37[m[K,
[12.444s]                  from [01m[K/opt/ros/humble/include/rclcpp/rclcpp/executors/multi_threaded_executor.hpp:25[m[K,
[12.444s]                  from [01m[K/opt/ros/humble/include/rclcpp/rclcpp/executors.hpp:21[m[K,
[12.444s]                  from [01m[K/opt/ros/humble/include/rclcpp/rclcpp/rclcpp.hpp:155[m[K,
[12.444s]                  from [01m[K/home/ubuntu/Edited_AirshipMPC/submodules/AirCap/packages/flight/neural_network_detector/include/neural_network_detector/NNDetector.h:8[m[K,
[12.445s]                  from [01m[K/home/ubuntu/Edited_AirshipMPC/submodules/AirCap/packages/flight/neural_network_detector/src/neural_network_detector_node.cpp:5[m[K:
[12.445s] [01m[K/opt/ros/humble/include/rclcpp/rclcpp/publisher.hpp:77:7:[m[K [01;36m[Knote: [m[Kprovided for â€˜[01m[Ktemplate<class MessageT, class AllocatorT> class rclcpp::Publisher[m[Kâ€™
[12.445s]    77 | class [01;36m[KPublisher[m[K : public PublisherBase
[12.445s]       |       [01;36m[K^~~~~~~~~[m[K
[12.445s] In file included from [01m[K/home/ubuntu/Edited_AirshipMPC/submodules/AirCap/packages/flight/neural_network_detector/src/neural_network_detector_node.cpp:5[m[K:
[12.445s] [01m[K/home/ubuntu/Edited_AirshipMPC/submodules/AirCap/packages/flight/neural_network_detector/include/neural_network_detector/NNDetector.h:49:24:[m[K [01;31m[Kerror: [m[Kexpected â€˜[01m[K;[m[Kâ€™ at end of member declaration
[12.445s]    49 |   rclcpp::Publisher<>::[01;31m[KSharedPtr[m[K detection_pub_;
[12.445s]       |                        [01;31m[K^~~~~~~~~[m[K
[12.445s]       |                                 [32m[K;[m[K
[12.452s] [01m[K/home/ubuntu/Edited_AirshipMPC/submodules/AirCap/packages/flight/neural_network_detector/include/neural_network_detector/NNDetector.h:54:34:[m[K [01;31m[Kerror: [m[Kâ€˜[01m[Kdetection_amount_pub_[m[Kâ€™ does not name a type
[12.452s]    54 |   rclcpp::Publisher<>::SharedPtr [01;31m[Kdetection_amount_pub_[m[K;
[12.452s]       |                                  [01;31m[K^~~~~~~~~~~~~~~~~~~~~[m[K
[12.452s] [01m[K/home/ubuntu/Edited_AirshipMPC/submodules/AirCap/packages/flight/neural_network_detector/include/neural_network_detector/NNDetector.h:61:24:[m[K [01;31m[Kerror: [m[Kâ€˜[01m[Kros[m[Kâ€™ has not been declared
[12.452s]    61 |   bool connectMultiple([01;31m[Kros[m[K::Rate sleeper, int tries);
[12.452s]       |                        [01;31m[K^~~[m[K
[12.452s] [01m[K/home/ubuntu/Edited_AirshipMPC/submodules/AirCap/packages/flight/neural_network_detector/include/neural_network_detector/NNDetector.h:61:34:[m[K [01;31m[Kerror: [m[Kexpected â€˜[01m[K,[m[Kâ€™ or â€˜[01m[K...[m[Kâ€™ before â€˜[01m[Ksleeper[m[Kâ€™
[12.452s]    61 |   bool connectMultiple(ros::Rate [01;31m[Ksleeper[m[K, int tries);
[12.452s]       |                                  [01;31m[K^~~~~~~[m[K
[12.453s] [01m[K/home/ubuntu/Edited_AirshipMPC/submodules/AirCap/packages/flight/neural_network_detector/include/neural_network_detector/NNDetector.h:49:34:[m[K [01;31m[Kerror: [m[Kâ€˜[01m[Kdetection_pub_[m[Kâ€™ does not name a type; did you mean â€˜[01m[Kdetection_info[m[Kâ€™?
[12.453s]    49 |   rclcpp::Publisher<>::SharedPtr [01;31m[Kdetection_pub_[m[K;
[12.453s]       |                                  [01;31m[K^~~~~~~~~~~~~~[m[K
[12.453s]       |                                  [32m[Kdetection_info[m[K
[12.453s] [01m[K/home/ubuntu/Edited_AirshipMPC/submodules/AirCap/packages/flight/neural_network_detector/include/neural_network_detector/NNDetector.h:51:24:[m[K [01;31m[Kerror: [m[Kwrong number of template arguments (0, should be at least 1)
[12.453s]    51 |   rclcpp::Subscription<[01;31m[K>[m[K::SharedPtr feedback_sub_;
[12.453s]       |                        [01;31m[K^[m[K
[12.453s] In file included from [01m[K/opt/ros/humble/include/rclcpp/rclcpp/any_executable.hpp:25[m[K,
[12.453s]                  from [01m[K/opt/ros/humble/include/rclcpp/rclcpp/memory_strategy.hpp:25[m[K,
[12.453s]                  from [01m[K/opt/ros/humble/include/rclcpp/rclcpp/memory_strategies.hpp:18[m[K,
[12.453s]                  from [01m[K/opt/ros/humble/include/rclcpp/rclcpp/executor_options.hpp:20[m[K,
[12.453s]                  from [01m[K/opt/ros/humble/include/rclcpp/rclcpp/executor.hpp:37[m[K,
[12.453s]                  from [01m[K/opt/ros/humble/include/rclcpp/rclcpp/executors/multi_threaded_executor.hpp:25[m[K,
[12.453s]                  from [01m[K/opt/ros/humble/include/rclcpp/rclcpp/executors.hpp:21[m[K,
[12.453s]                  from [01m[K/opt/ros/humble/include/rclcpp/rclcpp/rclcpp.hpp:155[m[K,
[12.453s]                  from [01m[K/home/ubuntu/Edited_AirshipMPC/submodules/AirCap/packages/flight/neural_network_detector/include/neural_network_detector/NNDetector.h:8[m[K,
[12.453s]                  from [01m[K/home/ubuntu/Edited_AirshipMPC/submodules/AirCap/packages/flight/neural_network_detector/src/neural_network_detector_node.cpp:5[m[K:
[12.453s] [01m[K/opt/ros/humble/include/rclcpp/rclcpp/subscription.hpp:75:7:[m[K [01;36m[Knote: [m[Kprovided for â€˜[01m[Ktemplate<class MessageT, class AllocatorT, class SubscribedT, class ROSMessageT, class MessageMemoryStrategyT> class rclcpp::Subscription[m[Kâ€™
[12.453s]    75 | class [01;36m[KSubscription[m[K : public SubscriptionBase
[12.453s]       |       [01;36m[K^~~~~~~~~~~~[m[K
[12.453s] In file included from [01m[K/home/ubuntu/Edited_AirshipMPC/submodules/AirCap/packages/flight/neural_network_detector/src/neural_network_detector_node.cpp:5[m[K:
[12.454s] [01m[K/home/ubuntu/Edited_AirshipMPC/submodules/AirCap/packages/flight/neural_network_detector/include/neural_network_detector/NNDetector.h:51:27:[m[K [01;31m[Kerror: [m[Kexpected â€˜[01m[K;[m[Kâ€™ at end of member declaration
[12.454s]    51 |   rclcpp::Subscription<>::[01;31m[KSharedPtr[m[K feedback_sub_;
[12.454s]       |                           [01;31m[K^~~~~~~~~[m[K
[12.454s]       |                                    [32m[K;[m[K
[12.454s] [01m[K/home/ubuntu/Edited_AirshipMPC/submodules/AirCap/packages/flight/neural_network_detector/include/neural_network_detector/NNDetector.h:51:27:[m[K [01;31m[Kerror: [m[Kredeclaration of â€˜[01m[Kint neural_network_detector::NNDetector::SharedPtr[m[Kâ€™
[12.454s] [01m[K/home/ubuntu/Edited_AirshipMPC/submodules/AirCap/packages/flight/neural_network_detector/include/neural_network_detector/NNDetector.h:49:24:[m[K [01;36m[Knote: [m[Kprevious declaration â€˜[01m[Kint neural_network_detector::NNDetector::SharedPtr[m[Kâ€™
[12.454s]    49 |   rclcpp::Publisher<>::[01;36m[KSharedPtr[m[K detection_pub_;
[12.454s]       |                        [01;36m[K^~~~~~~~~[m[K
[12.461s] [01m[K/home/ubuntu/Edited_AirshipMPC/submodules/AirCap/packages/flight/neural_network_detector/include/neural_network_detector/NNDetector.h:71:19:[m[K [01;31m[Kerror: [m[Kâ€˜[01m[Kros[m[Kâ€™ was not declared in this scope; did you mean â€˜[01m[Kcos[m[Kâ€™?
[12.462s]    71 |   std::unique_ptr<[01;31m[Kros[m[K::Rate> max_update_rate;
[12.462s]       |                   [01;31m[K^~~[m[K
[12.462s]       |                   [32m[Kcos[m[K
[12.462s] [01m[K/home/ubuntu/Edited_AirshipMPC/submodules/AirCap/packages/flight/neural_network_detector/include/neural_network_detector/NNDetector.h:71:28:[m[K [01;31m[Kerror: [m[Ktemplate argument 1 is invalid
[12.462s]    71 |   std::unique_ptr<ros::Rate[01;31m[K>[m[K max_update_rate;
[12.462s]       |                            [01;31m[K^[m[K
[12.462s] [01m[K/home/ubuntu/Edited_AirshipMPC/submodules/AirCap/packages/flight/neural_network_detector/include/neural_network_detector/NNDetector.h:71:28:[m[K [01;31m[Kerror: [m[Ktemplate argument 2 is invalid
[12.462s] [01m[K/home/ubuntu/Edited_AirshipMPC/submodules/AirCap/packages/flight/neural_network_detector/include/neural_network_detector/NNDetector.h:77:39:[m[K [01;31m[Kerror: [m[Kâ€˜[01m[KImageConstPtr[m[Kâ€™ in namespace â€˜[01m[Ksensor_msgs[m[Kâ€™ does not name a type
[12.462s]    77 |   void imgCallback(const sensor_msgs::[01;31m[KImageConstPtr[m[K &);
[12.462s]       |                                       [01;31m[K^~~~~~~~~~~~~[m[K
[12.462s] [01m[K/home/ubuntu/Edited_AirshipMPC/submodules/AirCap/packages/flight/neural_network_detector/include/neural_network_detector/NNDetector.h:83:56:[m[K [01;31m[Kerror: [m[Kâ€˜[01m[KNeuralNetworkFeedbackConstPtr[m[Kâ€™ in namespace â€˜[01m[Kneural_network_detector[m[Kâ€™ does not name a type
[12.462s]    83 |   void feedbackCallback(const neural_network_detector::[01;31m[KNeuralNetworkFeedbackConstPtr[m[K& msg);
[12.462s]       |                                                        [01;31m[K^~~~~~~~~~~~~~~~~~~~~~~~~~~~~[m[K
[12.463s] [01m[K/home/ubuntu/Edited_AirshipMPC/submodules/AirCap/packages/flight/neural_network_detector/include/neural_network_detector/NNDetector.h:51:37:[m[K [01;31m[Kerror: [m[Kâ€˜[01m[Kfeedback_sub_[m[Kâ€™ does not name a type
[12.463s]    51 |   rclcpp::Subscription<>::SharedPtr [01;31m[Kfeedback_sub_[m[K;
[12.463s]       |                                     [01;31m[K^~~~~~~~~~~~~[m[K
[12.463s] [01m[K/home/ubuntu/Edited_AirshipMPC/submodules/AirCap/packages/flight/neural_network_detector/include/neural_network_detector/NNDetector.h:52:28:[m[K [01;31m[Kerror: [m[Kâ€˜[01m[KNeuralNetworkFeedback[m[Kâ€™ in namespace â€˜[01m[Kneural_network_detector[m[Kâ€™ does not name a type
[12.463s]    52 |   neural_network_detector::[01;31m[KNeuralNetworkFeedback[m[K latest_feedback_;
[12.463s]       |                            [01;31m[K^~~~~~~~~~~~~~~~~~~~~[m[K
[12.465s] [01m[K/home/ubuntu/Edited_AirshipMPC/submodules/AirCap/packages/flight/neural_network_detector/include/neural_network_detector/NNDetector.h:53:3:[m[K [01;31m[Kerror: [m[Kâ€˜[01m[Kros[m[Kâ€™ does not name a type
[12.465s]    53 |   [01;31m[Kros[m[K::Duration timeout_;
[12.466s]       |   [01;31m[K^~~[m[K
[12.466s] [01m[K/home/ubuntu/Edited_AirshipMPC/submodules/AirCap/packages/flight/neural_network_detector/include/neural_network_detector/NNDetector.h:54:21:[m[K [01;31m[Kerror: [m[Kwrong number of template arguments (0, should be at least 1)
[12.466s]    54 |   rclcpp::Publisher<[01;31m[K>[m[K::SharedPtr detection_amount_pub_;
[12.466s]       |                     [01;31m[K^[m[K
[12.466s] In file included from [01m[K/opt/ros/humble/include/rclcpp/rclcpp/topic_statistics/subscription_topic_statistics.hpp:31[m[K,
[12.466s]                  from [01m[K/opt/ros/humble/include/rclcpp/rclcpp/subscription.hpp:50[m[K,
[12.466s]                  from [01m[K/opt/ros/humble/include/rclcpp/rclcpp/any_executable.hpp:25[m[K,
[12.466s]                  from [01m[K/opt/ros/humble/include/rclcpp/rclcpp/memory_strategy.hpp:25[m[K,
[12.466s]                  from [01m[K/opt/ros/humble/include/rclcpp/rclcpp/memory_strategies.hpp:18[m[K,
[12.466s]                  from [01m[K/opt/ros/humble/include/rclcpp/rclcpp/executor_options.hpp:20[m[K,
[12.466s]                  from [01m[K/opt/ros/humble/include/rclcpp/rclcpp/executor.hpp:37[m[K,
[12.466s]                  from [01m[K/opt/ros/humble/include/rclcpp/rclcpp/executors/multi_threaded_executor.hpp:25[m[K,
[12.466s]                  from [01m[K/opt/ros/humble/include/rclcpp/rclcpp/executors.hpp:21[m[K,
[12.466s]                  from [01m[K/opt/ros/humble/include/rclcpp/rclcpp/rclcpp.hpp:155[m[K,
[12.466s]                  from [01m[K/home/ubuntu/Edited_AirshipMPC/submodules/AirCap/packages/flight/neural_network_detector/include/neural_network_detector/NNDetector.h:8[m[K,
[12.466s]                  from [01m[K/home/ubuntu/Edited_AirshipMPC/submodules/AirCap/packages/flight/neural_network_detector/src/neural_network_detector_node.cpp:5[m[K:
[12.466s] [01m[K/opt/ros/humble/include/rclcpp/rclcpp/publisher.hpp:77:7:[m[K [01;36m[Knote: [m[Kprovided for â€˜[01m[Ktemplate<class MessageT, class AllocatorT> class rclcpp::Publisher[m[Kâ€™
[12.466s]    77 | class [01;36m[KPublisher[m[K : public PublisherBase
[12.466s]       |       [01;36m[K^~~~~~~~~[m[K
[12.466s] In file included from [01m[K/home/ubuntu/Edited_AirshipMPC/submodules/AirCap/packages/flight/neural_network_detector/src/neural_network_detector_node.cpp:5[m[K:
[12.466s] [01m[K/home/ubuntu/Edited_AirshipMPC/submodules/AirCap/packages/flight/neural_network_detector/include/neural_network_detector/NNDetector.h:54:24:[m[K [01;31m[Kerror: [m[Kexpected â€˜[01m[K;[m[Kâ€™ at end of member declaration
[12.467s]    54 |   rclcpp::Publisher<>::[01;31m[KSharedPtr[m[K detection_amount_pub_;
[12.467s]       |                        [01;31m[K^~~~~~~~~[m[K
[12.467s]       |                                 [32m[K;[m[K
[12.467s] [01m[K/home/ubuntu/Edited_AirshipMPC/submodules/AirCap/packages/flight/neural_network_detector/include/neural_network_detector/NNDetector.h:54:24:[m[K [01;31m[Kerror: [m[Kredeclaration of â€˜[01m[Kint neural_network_detector::NNDetector::SharedPtr[m[Kâ€™
[12.467s] [01m[K/home/ubuntu/Edited_AirshipMPC/submodules/AirCap/packages/flight/neural_network_detector/include/neural_network_detector/NNDetector.h:49:24:[m[K [01;36m[Knote: [m[Kprevious declaration â€˜[01m[Kint neural_network_detector::NNDetector::SharedPtr[m[Kâ€™
[12.467s]    49 |   rclcpp::Publisher<>::[01;36m[KSharedPtr[m[K detection_pub_;
[12.467s]       |                        [01;36m[K^~~~~~~~~[m[K
[12.481s] [01m[K/home/ubuntu/Edited_AirshipMPC/submodules/AirCap/packages/flight/neural_network_detector/include/neural_network_detector/NNDetector.h:54:34:[m[K [01;31m[Kerror: [m[Kâ€˜[01m[Kdetection_amount_pub_[m[Kâ€™ does not name a type
[12.481s]    54 |   rclcpp::Publisher<>::SharedPtr [01;31m[Kdetection_amount_pub_[m[K;
[12.481s]       |                                  [01;31m[K^~~~~~~~~~~~~~~~~~~~~[m[K
[12.481s] [01m[K/home/ubuntu/Edited_AirshipMPC/submodules/AirCap/packages/flight/neural_network_detector/include/neural_network_detector/NNDetector.h:61:24:[m[K [01;31m[Kerror: [m[Kâ€˜[01m[Kros[m[Kâ€™ has not been declared
[12.481s]    61 |   bool connectMultiple([01;31m[Kros[m[K::Rate sleeper, int tries);
[12.481s]       |                        [01;31m[K^~~[m[K
[12.481s] [01m[K/home/ubuntu/Edited_AirshipMPC/submodules/AirCap/packages/flight/neural_network_detector/include/neural_network_detector/NNDetector.h:61:34:[m[K [01;31m[Kerror: [m[Kexpected â€˜[01m[K,[m[Kâ€™ or â€˜[01m[K...[m[Kâ€™ before â€˜[01m[Ksleeper[m[Kâ€™
[12.481s]    61 |   bool connectMultiple(ros::Rate [01;31m[Ksleeper[m[K, int tries);
[12.481s]       |                                  [01;31m[K^~~~~~~[m[K
[12.489s] [01m[K/home/ubuntu/Edited_AirshipMPC/submodules/AirCap/packages/flight/neural_network_detector/include/neural_network_detector/NNDetector.h:71:19:[m[K [01;31m[Kerror: [m[Kâ€˜[01m[Kros[m[Kâ€™ was not declared in this scope; did you mean â€˜[01m[Kcos[m[Kâ€™?
[12.489s]    71 |   std::unique_ptr<[01;31m[Kros[m[K::Rate> max_update_rate;
[12.489s]       |                   [01;31m[K^~~[m[K
[12.489s]       |                   [32m[Kcos[m[K
[12.489s] [01m[K/home/ubuntu/Edited_AirshipMPC/submodules/AirCap/packages/flight/neural_network_detector/include/neural_network_detector/NNDetector.h:71:28:[m[K [01;31m[Kerror: [m[Ktemplate argument 1 is invalid
[12.489s]    71 |   std::unique_ptr<ros::Rate[01;31m[K>[m[K max_update_rate;
[12.489s]       |                            [01;31m[K^[m[K
[12.489s] [01m[K/home/ubuntu/Edited_AirshipMPC/submodules/AirCap/packages/flight/neural_network_detector/include/neural_network_detector/NNDetector.h:71:28:[m[K [01;31m[Kerror: [m[Ktemplate argument 2 is invalid
[12.489s] [01m[K/home/ubuntu/Edited_AirshipMPC/submodules/AirCap/packages/flight/neural_network_detector/include/neural_network_detector/NNDetector.h:77:39:[m[K [01;31m[Kerror: [m[Kâ€˜[01m[KImageConstPtr[m[Kâ€™ in namespace â€˜[01m[Ksensor_msgs[m[Kâ€™ does not name a type
[12.489s]    77 |   void imgCallback(const sensor_msgs::[01;31m[KImageConstPtr[m[K &);
[12.489s]       |                                       [01;31m[K^~~~~~~~~~~~~[m[K
[12.489s] [01m[K/home/ubuntu/Edited_AirshipMPC/submodules/AirCap/packages/flight/neural_network_detector/include/neural_network_detector/NNDetector.h:83:56:[m[K [01;31m[Kerror: [m[Kâ€˜[01m[KNeuralNetworkFeedbackConstPtr[m[Kâ€™ in namespace â€˜[01m[Kneural_network_detector[m[Kâ€™ does not name a type
[12.489s]    83 |   void feedbackCallback(const neural_network_detector::[01;31m[KNeuralNetworkFeedbackConstPtr[m[K& msg);
[12.490s]       |                                                        [01;31m[K^~~~~~~~~~~~~~~~~~~~~~~~~~~~~[m[K
[12.495s] In file included from [01m[K/opt/ros/humble/include/rclcpp/rclcpp/client.hpp:40[m[K,
[12.495s]                  from [01m[K/opt/ros/humble/include/rclcpp/rclcpp/callback_group.hpp:24[m[K,
[12.495s]                  from [01m[K/opt/ros/humble/include/rclcpp/rclcpp/any_executable.hpp:20[m[K,
[12.495s]                  from [01m[K/opt/ros/humble/include/rclcpp/rclcpp/memory_strategy.hpp:25[m[K,
[12.495s]                  from [01m[K/opt/ros/humble/include/rclcpp/rclcpp/memory_strategies.hpp:18[m[K,
[12.495s]                  from [01m[K/opt/ros/humble/include/rclcpp/rclcpp/executor_options.hpp:20[m[K,
[12.495s]                  from [01m[K/opt/ros/humble/include/rclcpp/rclcpp/executor.hpp:37[m[K,
[12.495s]                  from [01m[K/opt/ros/humble/include/rclcpp/rclcpp/executors/multi_threaded_executor.hpp:25[m[K,
[12.495s]                  from [01m[K/opt/ros/humble/include/rclcpp/rclcpp/executors.hpp:21[m[K,
[12.495s]                  from [01m[K/opt/ros/humble/include/rclcpp/rclcpp/rclcpp.hpp:155[m[K,
[12.495s]                  from [01m[K/home/ubuntu/Edited_AirshipMPC/submodules/AirCap/packages/flight/neural_network_detector/include/neural_network_detector/NNDetector.h:8[m[K,
[12.495s]                  from [01m[K/home/ubuntu/Edited_AirshipMPC/submodules/AirCap/packages/flight/neural_network_detector/src/neural_network_detector_node.cpp:5[m[K:
[12.495s] [01m[K/home/ubuntu/Edited_AirshipMPC/submodules/AirCap/packages/flight/neural_network_detector/src/neural_network_detector_node.cpp:[m[K In function â€˜[01m[Kint main(int, char**)[m[Kâ€™:
[12.495s] [01m[K/home/ubuntu/Edited_AirshipMPC/submodules/AirCap/packages/flight/neural_network_detector/src/neural_network_detector_node.cpp:12:17:[m[K [01;31m[Kerror: [m[Kâ€˜[01m[Knode[m[Kâ€™ was not declared in this scope
[12.496s]    12 |     RCLCPP_WARN([01;31m[Knode[m[K->get_logger(), "Usage: rosrun neural_network_detector neural_network_detector_node HOST PORT");
[12.496s]       |                 [01;31m[K^~~~[m[K
[12.496s] [01m[K/home/ubuntu/Edited_AirshipMPC/submodules/AirCap/packages/flight/neural_network_detector/src/neural_network_detector_node.cpp:12:5:[m[K [01;31m[Kerror: [m[Ktemplate argument 1 is invalid
[12.496s]    12 |     [01;31m[KRCLCPP_WARN[m[K(node->get_logger(), "Usage: rosrun neural_network_detector neural_network_detector_node HOST PORT");
[12.496s]       |     [01;31m[K^~~~~~~~~~~[m[K
[12.496s] [01m[K/home/ubuntu/Edited_AirshipMPC/submodules/AirCap/packages/flight/neural_network_detector/src/neural_network_detector_node.cpp:12:5:[m[K [01;31m[Kerror: [m[Ktemplate argument 1 is invalid
[12.496s]    12 |     [01;31m[KRCLCPP_WARN[m[K(node->get_logger(), "Usage: rosrun neural_network_detector neural_network_detector_node HOST PORT");
[12.496s]       |     [01;31m[K^~~~~~~~~~~[m[K
[12.496s] [01m[K/home/ubuntu/Edited_AirshipMPC/submodules/AirCap/packages/flight/neural_network_detector/src/neural_network_detector_node.cpp:12:5:[m[K [01;31m[Kerror: [m[Ktemplate argument 1 is invalid
[12.496s]    12 |     [01;31m[KRCLCPP_WARN[m[K(node->get_logger(), "Usage: rosrun neural_network_detector neural_network_detector_node HOST PORT");
[12.496s]       |     [01;31m[K^~~~~~~~~~~[m[K
[12.501s] [01m[K/home/ubuntu/Edited_AirshipMPC/submodules/AirCap/packages/flight/neural_network_detector/src/neural_network_detector_node.cpp:18:16:[m[K [01;31m[Kerror: [m[Kâ€˜[01m[Knode[m[Kâ€™ was not declared in this scope
[12.501s]    18 |   rclcpp::spin([01;31m[Knode[m[K);
[12.501s]       |                [01;31m[K^~~~[m[K
[12.591s] [01m[K/home/ubuntu/Edited_AirshipMPC/submodules/AirCap/packages/flight/neural_network_detector/src/NNDetector.cpp:14:30:[m[K [01;31m[Kerror: [m[Kâ€˜[01m[KNeuralNetworkFeedback[m[Kâ€™ does not name a type
[12.591s]    14 | cv::Rect get_crop_area(const [01;31m[KNeuralNetworkFeedback[m[K &latest_feedback, const cv::Size2i &original_resolution, const cv::Size2i &desired_resolution, float aspect_ratio, cv::projection2i& proj_crop, const bool timed_out=false) {
[12.591s]       |                              [01;31m[K^~~~~~~~~~~~~~~~~~~~~[m[K
[12.591s] [01m[K/home/ubuntu/Edited_AirshipMPC/submodules/AirCap/packages/flight/neural_network_detector/src/NNDetector.cpp:[m[K In function â€˜[01m[Kcv::Rect neural_network_detector::get_crop_area(const int&, const Size2i&, const Size2i&, float, cv::projection2i&, bool)[m[Kâ€™:
[12.591s] [01m[K/home/ubuntu/Edited_AirshipMPC/submodules/AirCap/packages/flight/neural_network_detector/src/NNDetector.cpp:17:35:[m[K [01;31m[Kerror: [m[Krequest for member â€˜[01m[Kymin[m[Kâ€™ in â€˜[01m[Klatest_feedback[m[Kâ€™, which is of non-class type â€˜[01m[Kconst int[m[Kâ€™
[12.591s]    17 |   if(timed_out || latest_feedback.[01;31m[Kymin[m[K > original_resolution.height || latest_feedback.ymax < 0) {
[12.591s]       |                                   [01;31m[K^~~~[m[K
[12.591s] [01m[K/home/ubuntu/Edited_AirshipMPC/submodules/AirCap/packages/flight/neural_network_detector/src/NNDetector.cpp:17:88:[m[K [01;31m[Kerror: [m[Krequest for member â€˜[01m[Kymax[m[Kâ€™ in â€˜[01m[Klatest_feedback[m[Kâ€™, which is of non-class type â€˜[01m[Kconst int[m[Kâ€™
[12.591s]    17 |   if(timed_out || latest_feedback.ymin > original_resolution.height || latest_feedback.[01;31m[Kymax[m[K < 0) {
[12.591s]       |                                                                                        [01;31m[K^~~~[m[K
[12.592s] [01m[K/home/ubuntu/Edited_AirshipMPC/submodules/AirCap/packages/flight/neural_network_detector/src/NNDetector.cpp:41:54:[m[K [01;31m[Kerror: [m[Krequest for member â€˜[01m[Kymin[m[Kâ€™ in â€˜[01m[Klatest_feedback[m[Kâ€™, which is of non-class type â€˜[01m[Kconst int[m[Kâ€™
[12.592s]    41 |     int16_t ymin = std::max<int16_t>(latest_feedback.[01;31m[Kymin[m[K, 0);
[12.592s]       |                                                      [01;31m[K^~~~[m[K
[12.592s] [01m[K/home/ubuntu/Edited_AirshipMPC/submodules/AirCap/packages/flight/neural_network_detector/src/NNDetector.cpp:42:54:[m[K [01;31m[Kerror: [m[Krequest for member â€˜[01m[Kymax[m[Kâ€™ in â€˜[01m[Klatest_feedback[m[Kâ€™, which is of non-class type â€˜[01m[Kconst int[m[Kâ€™
[12.592s]    42 |     int16_t ymax = std::min<int16_t>(latest_feedback.[01;31m[Kymax[m[K, original_resolution.height);
[12.592s]       |                                                      [01;31m[K^~~~[m[K
[12.592s] [01m[K/home/ubuntu/Edited_AirshipMPC/submodules/AirCap/packages/flight/neural_network_detector/src/NNDetector.cpp:51:89:[m[K [01;31m[Kerror: [m[Krequest for member â€˜[01m[Kxcenter[m[Kâ€™ in â€˜[01m[Klatest_feedback[m[Kâ€™, which is of non-class type â€˜[01m[Kconst int[m[Kâ€™
[12.592s]    51 |     int16_t xcenter = std::max<int16_t>(half_delta_x, std::min<int16_t>(latest_feedback.[01;31m[Kxcenter[m[K, original_resolution.width-half_delta_x));
[12.592s]       |                                                                                         [01;31m[K^~~~~~~[m[K
[12.597s] [01m[K/home/ubuntu/Edited_AirshipMPC/submodules/AirCap/packages/flight/neural_network_detector/src/NNDetector.cpp:[m[K In constructor â€˜[01m[Kneural_network_detector::NNDetector::NNDetector(char*, char*)[m[Kâ€™:
[12.597s] [01m[K/home/ubuntu/Edited_AirshipMPC/submodules/AirCap/packages/flight/neural_network_detector/src/NNDetector.cpp:84:14:[m[K [01;31m[Kerror: [m[Kexpected primary-expression before â€˜[01m[Kint[m[Kâ€™
[12.597s]    84 |   pnh_.param<[01;31m[Kint[m[K>("desired_resolution/x", desired_resolution.width, 300);
[12.597s]       |              [01;31m[K^~~[m[K
[12.597s] [01m[K/home/ubuntu/Edited_AirshipMPC/submodules/AirCap/packages/flight/neural_network_detector/src/NNDetector.cpp:85:14:[m[K [01;31m[Kerror: [m[Kexpected primary-expression before â€˜[01m[Kint[m[Kâ€™
[12.597s]    85 |   pnh_.param<[01;31m[Kint[m[K>("desired_resolution/y", desired_resolution.height, 300);
[12.598s]       |              [01;31m[K^~~[m[K
[12.611s] [01m[K/home/ubuntu/Edited_AirshipMPC/submodules/AirCap/packages/flight/neural_network_detector/src/NNDetector.cpp:93:3:[m[K [01;31m[Kerror: [m[Kâ€˜[01m[Ktimeout_[m[Kâ€™ was not declared in this scope
[12.611s]    93 |   [01;31m[Ktimeout_[m[K = ros::Duration(timeout_sec);
[12.611s]       |   [01;31m[K^~~~~~~~[m[K
[12.611s] [01m[K/home/ubuntu/Edited_AirshipMPC/submodules/AirCap/packages/flight/neural_network_detector/src/NNDetector.cpp:93:14:[m[K [01;31m[Kerror: [m[Kâ€˜[01m[Kros[m[Kâ€™ has not been declared
[12.611s]    93 |   timeout_ = [01;31m[Kros[m[K::Duration(timeout_sec);
[12.611s]       |              [01;31m[K^~~[m[K
[12.621s] [01m[K/home/ubuntu/Edited_AirshipMPC/submodules/AirCap/packages/flight/neural_network_detector/src/NNDetector.cpp:106:41:[m[K [01;31m[Kerror: [m[Kâ€˜[01m[Kros[m[Kâ€™ was not declared in this scope; did you mean â€˜[01m[Kcos[m[Kâ€™?
[12.621s]   106 |       max_update_rate = std::unique_ptr<[01;31m[Kros[m[K::Rate>(new ros::Rate(update_hz));
[12.621s]       |                                         [01;31m[K^~~[m[K
[12.621s]       |                                         [32m[Kcos[m[K
[12.621s] [01m[K/home/ubuntu/Edited_AirshipMPC/submodules/AirCap/packages/flight/neural_network_detector/src/NNDetector.cpp:106:50:[m[K [01;31m[Kerror: [m[Ktemplate argument 1 is invalid
[12.621s]   106 |       max_update_rate = std::unique_ptr<ros::Rate[01;31m[K>[m[K(new ros::Rate(update_hz));
[12.621s]       |                                                  [01;31m[K^[m[K
[12.622s] [01m[K/home/ubuntu/Edited_AirshipMPC/submodules/AirCap/packages/flight/neural_network_detector/src/NNDetector.cpp:106:50:[m[K [01;31m[Kerror: [m[Ktemplate argument 2 is invalid
[12.624s] [01m[K/home/ubuntu/Edited_AirshipMPC/submodules/AirCap/packages/flight/neural_network_detector/src/NNDetector.cpp:106:56:[m[K [01;31m[Kerror: [m[Kâ€˜[01m[Kros[m[Kâ€™ does not name a type
[12.624s]   106 |       max_update_rate = std::unique_ptr<ros::Rate>(new [01;31m[Kros[m[K::Rate(update_hz));
[12.624s]       |                                                        [01;31m[K^~~[m[K
[12.624s] [01m[K/home/ubuntu/Edited_AirshipMPC/submodules/AirCap/packages/flight/neural_network_detector/src/NNDetector.cpp:112:30:[m[K [01;31m[Kerror: [m[Kâ€˜[01m[Kros[m[Kâ€™ has not been declared
[12.625s]   112 |   if (!this->connectMultiple([01;31m[Kros[m[K::Rate(0.2), 10)) {
[12.625s]       |                              [01;31m[K^~~[m[K
[12.625s] [01m[K/home/ubuntu/Edited_AirshipMPC/submodules/AirCap/packages/flight/neural_network_detector/src/NNDetector.cpp:113:5:[m[K [01;31m[Kerror: [m[Kâ€˜[01m[Kros[m[Kâ€™ has not been declared
[12.625s]   113 |     [01;31m[Kros[m[K::shutdown();
[12.625s]       |     [01;31m[K^~~[m[K
[12.644s] [01m[K/home/ubuntu/Edited_AirshipMPC/submodules/AirCap/packages/flight/neural_network_detector/src/NNDetector.cpp:123:3:[m[K [01;31m[Kerror: [m[Kâ€˜[01m[Kdetection_pub_[m[Kâ€™ was not declared in this scope; did you mean â€˜[01m[Kdetection_info[m[Kâ€™?
[12.644s]   123 |   [01;31m[Kdetection_pub_[m[K = nh_.advertise<NeuralNetworkDetectionArray>(detections_topic, 5);
[12.645s]       |   [01;31m[K^~~~~~~~~~~~~~[m[K
[12.645s]       |   [32m[Kdetection_info[m[K
[12.647s] [01m[K/home/ubuntu/Edited_AirshipMPC/submodules/AirCap/packages/flight/neural_network_detector/src/NNDetector.cpp:123:34:[m[K [01;31m[Kerror: [m[Kâ€˜[01m[KNeuralNetworkDetectionArray[m[Kâ€™ was not declared in this scope; did you mean â€˜[01m[Kneural_network_detector::msg::NeuralNetworkDetectionArray[m[Kâ€™?
[12.647s]   123 |   detection_pub_ = nh_.advertise<[01;31m[KNeuralNetworkDetectionArray[m[K>(detections_topic, 5);
[12.647s]       |                                  [01;31m[K^~~~~~~~~~~~~~~~~~~~~~~~~~~[m[K
[12.647s]       |                                  [32m[Kneural_network_detector::msg::NeuralNetworkDetectionArray[m[K
[12.647s] In file included from [01m[K/home/ubuntu/Edited_AirshipMPC/build/neural_network_detector/rosidl_generator_cpp/neural_network_detector/msg/neural_network_detection_array.hpp:7[m[K,
[12.647s]                  from [01m[K/home/ubuntu/Edited_AirshipMPC/submodules/AirCap/packages/flight/neural_network_detector/include/neural_network_detector/NNDetector.h:15[m[K,
[12.647s]                  from [01m[K/home/ubuntu/Edited_AirshipMPC/submodules/AirCap/packages/flight/neural_network_detector/src/NNDetector.cpp:5[m[K:
[12.647s] [01m[K/home/ubuntu/Edited_AirshipMPC/build/neural_network_detector/rosidl_generator_cpp/neural_network_detector/msg/detail/neural_network_detection_array__struct.hpp:133:7:[m[K [01;36m[Knote: [m[Kâ€˜[01m[Kneural_network_detector::msg::NeuralNetworkDetectionArray[m[Kâ€™ declared here
[12.647s]   133 | using [01;36m[KNeuralNetworkDetectionArray[m[K =
[12.647s]       |       [01;36m[K^~~~~~~~~~~~~~~~~~~~~~~~~~~[m[K
[12.647s] [01m[K/home/ubuntu/Edited_AirshipMPC/submodules/AirCap/packages/flight/neural_network_detector/src/NNDetector.cpp:123:63:[m[K [01;35m[Kwarning: [m[Kleft operand of comma operator has no effect [[01;35m[K]8;;https://gcc.gnu.org/onlinedocs/gcc/Warning-Options.html#index-Wunused-value-Wunused-value]8;;[m[K]
[12.647s]   123 |   detection_pub_ = nh_.advertise<NeuralNetworkDetectionArray>([01;35m[Kdetections_topic[m[K, 5);
[12.647s]       |                                                               [01;35m[K^~~~~~~~~~~~~~~~[m[K
[12.673s] [01m[K/home/ubuntu/Edited_AirshipMPC/submodules/AirCap/packages/flight/neural_network_detector/src/NNDetector.cpp:126:3:[m[K [01;31m[Kerror: [m[Kâ€˜[01m[Kdetection_amount_pub_[m[Kâ€™ was not declared in this scope; did you mean â€˜[01m[Kdetection_amount_topic[m[Kâ€™?
[12.673s]   126 |   [01;31m[Kdetection_amount_pub_[m[K = nh_.advertise<NeuralNetworkNumberOfDetections>(detection_amount_topic, 5);
[12.673s]       |   [01;31m[K^~~~~~~~~~~~~~~~~~~~~[m[K
[12.673s]       |   [32m[Kdetection_amount_topic[m[K
[12.675s] [01m[K/home/ubuntu/Edited_AirshipMPC/submodules/AirCap/packages/flight/neural_network_detector/src/NNDetector.cpp:126:41:[m[K [01;31m[Kerror: [m[Kâ€˜[01m[KNeuralNetworkNumberOfDetections[m[Kâ€™ was not declared in this scope; did you mean â€˜[01m[Kneural_network_detector::msg::NeuralNetworkNumberOfDetections[m[Kâ€™?
[12.675s]   126 |   detection_amount_pub_ = nh_.advertise<[01;31m[KNeuralNetworkNumberOfDetections[m[K>(detection_amount_topic, 5);
[12.675s]       |                                         [01;31m[K^~~~~~~~~~~~~~~~~~~~~~~~~~~~~~~[m[K
[12.675s]       |                                         [32m[Kneural_network_detector::msg::NeuralNetworkNumberOfDetections[m[K
[12.675s] In file included from [01m[K/home/ubuntu/Edited_AirshipMPC/build/neural_network_detector/rosidl_generator_cpp/neural_network_detector/msg/neural_network_number_of_detections.hpp:7[m[K,
[12.675s]                  from [01m[K/home/ubuntu/Edited_AirshipMPC/submodules/AirCap/packages/flight/neural_network_detector/include/neural_network_detector/NNDetector.h:17[m[K,
[12.676s]                  from [01m[K/home/ubuntu/Edited_AirshipMPC/submodules/AirCap/packages/flight/neural_network_detector/src/NNDetector.cpp:5[m[K:
[12.676s] [01m[K/home/ubuntu/Edited_AirshipMPC/build/neural_network_detector/rosidl_generator_cpp/neural_network_detector/msg/detail/neural_network_number_of_detections__struct.hpp:139:7:[m[K [01;36m[Knote: [m[Kâ€˜[01m[Kneural_network_detector::msg::NeuralNetworkNumberOfDetections[m[Kâ€™ declared here
[12.676s]   139 | using [01;36m[KNeuralNetworkNumberOfDetections[m[K =
[12.676s]       |       [01;36m[K^~~~~~~~~~~~~~~~~~~~~~~~~~~~~~~[m[K
[12.676s] [01m[K/home/ubuntu/Edited_AirshipMPC/submodules/AirCap/packages/flight/neural_network_detector/src/NNDetector.cpp:126:74:[m[K [01;35m[Kwarning: [m[Kleft operand of comma operator has no effect [[01;35m[K]8;;https://gcc.gnu.org/onlinedocs/gcc/Warning-Options.html#index-Wunused-value-Wunused-value]8;;[m[K]
[12.676s]   126 |   detection_amount_pub_ = nh_.advertise<NeuralNetworkNumberOfDetections>([01;35m[Kdetection_amount_topic[m[K, 5);
[12.676s]       |                                                                          [01;35m[K^~~~~~~~~~~~~~~~~~~~~~[m[K
[12.678s] [01m[K/home/ubuntu/Edited_AirshipMPC/submodules/AirCap/packages/flight/neural_network_detector/src/NNDetector.cpp:132:35:[m[K [01;31m[Kerror: [m[Kno matching function for call to â€˜[01m[Kimage_transport::ImageTransport::advertise(const char [28], int, boost::_bi::bind_t<void, boost::_mfi::mf0<void, neural_network_detector::NNDetector>, boost::_bi::list1<boost::_bi::value<neural_network_detector::NNDetector*> > >, boost::_bi::bind_t<void, boost::_mfi::mf0<void, neural_network_detector::NNDetector>, boost::_bi::list1<boost::_bi::value<neural_network_detector::NNDetector*> > >, NULL, bool)[m[Kâ€™
[12.678s]   132 |   debug_result_pub_ = [01;31m[Kit.advertise("debug/neural_network/result", 2,[m[K
[12.678s]       |                       [01;31m[K~~~~~~~~~~~~^~~~~~~~~~~~~~~~~~~~~~~~~~~~~~~~~~[m[K
[12.678s]   133 | [01;31m[K                                   boost::bind(&NNDetector::connectCallback, this),[m[K
[12.678s]       |                                    [01;31m[K~~~~~~~~~~~~~~~~~~~~~~~~~~~~~~~~~~~~~~~~~~~~~~~~[m[K
[12.678s]   134 | [01;31m[K                                   boost::bind(&NNDetector::connectCallback, this), NULL, false)[m[K;
[12.678s]       |                                    [01;31m[K~~~~~~~~~~~~~~~~~~~~~~~~~~~~~~~~~~~~~~~~~~~~~~~~~~~~~~~~~~~~~[m[K
[12.678s] In file included from [01m[K/home/ubuntu/Edited_AirshipMPC/submodules/AirCap/packages/flight/neural_network_detector/include/neural_network_detector/NNDetector.h:13[m[K,
[12.678s]                  from [01m[K/home/ubuntu/Edited_AirshipMPC/submodules/AirCap/packages/flight/neural_network_detector/src/NNDetector.cpp:5[m[K:
[12.678s] [01m[K/opt/ros/humble/include/image_transport/image_transport/image_transport.hpp:120:13:[m[K [01;36m[Knote: [m[Kcandidate: â€˜[01m[Kimage_transport::Publisher image_transport::ImageTransport::advertise(const string&, uint32_t, bool)[m[Kâ€™
[12.678s]   120 |   Publisher [01;36m[Kadvertise[m[K(const std::string & base_topic, uint32_t queue_size, bool latch = false);
[12.678s]       |             [01;36m[K^~~~~~~~~[m[K
[12.678s] [01m[K/opt/ros/humble/include/image_transport/image_transport/image_transport.hpp:120:13:[m[K [01;36m[Knote: [m[K  candidate expects 3 arguments, 6 provided
[12.678s] [01m[K/opt/ros/humble/include/image_transport/image_transport/image_transport.hpp:126:13:[m[K [01;36m[Knote: [m[Kcandidate: â€˜[01m[Kimage_transport::Publisher image_transport::ImageTransport::advertise(const string&, rmw_qos_profile_t, bool)[m[Kâ€™
[12.678s]   126 |   Publisher [01;36m[Kadvertise[m[K(
[12.678s]       |             [01;36m[K^~~~~~~~~[m[K
[12.678s] [01m[K/opt/ros/humble/include/image_transport/image_transport/image_transport.hpp:126:13:[m[K [01;36m[Knote: [m[K  candidate expects 3 arguments, 6 provided
[12.705s] [01m[K/home/ubuntu/Edited_AirshipMPC/submodules/AirCap/packages/flight/neural_network_detector/src/NNDetector.cpp:136:3:[m[K [01;31m[Kerror: [m[Kâ€˜[01m[Klatest_feedback_[m[Kâ€™ was not declared in this scope
[12.706s]   136 |   [01;31m[Klatest_feedback_[m[K.xcenter = latest_feedback_.ymin = latest_feedback_.ymax = -1;
[12.706s]       |   [01;31m[K^~~~~~~~~~~~~~~~[m[K
[12.726s] [01m[K/home/ubuntu/Edited_AirshipMPC/submodules/AirCap/packages/flight/neural_network_detector/src/NNDetector.cpp:138:3:[m[K [01;31m[Kerror: [m[Kâ€˜[01m[Kfeedback_sub_[m[Kâ€™ was not declared in this scope
[12.726s]   138 |   [01;31m[Kfeedback_sub_[m[K = nh_.subscribe(feedback_topic, 1, &NNDetector::feedbackCallback, this);  // only need the most recent
[12.726s]       |   [01;31m[K^~~~~~~~~~~~~[m[K
[12.731s] [01m[K/home/ubuntu/Edited_AirshipMPC/submodules/AirCap/packages/flight/neural_network_detector/src/NNDetector.cpp:141:26:[m[K [01;31m[Kerror: [m[Kno matching function for call to â€˜[01m[Kimage_transport::ImageTransport::subscribe(std::string&, int, void (neural_network_detector::NNDetector::*)(const int&), neural_network_detector::NNDetector*)[m[Kâ€™
[12.731s]   141 |   img_sub_ = [01;31m[Kit.subscribe(img_topic, 1, &NNDetector::imgCallback,[m[K
[12.731s]       |              [01;31m[K~~~~~~~~~~~~^~~~~~~~~~~~~~~~~~~~~~~~~~~~~~~~~~~~~~~~[m[K
[12.731s]   142 | [01;31m[K                          this)[m[K; // queue of 1, we only want the latest image to be processed
[12.731s]       |                           [01;31m[K~~~~~[m[K
[12.731s] In file included from [01m[K/home/ubuntu/Edited_AirshipMPC/submodules/AirCap/packages/flight/neural_network_detector/include/neural_network_detector/NNDetector.h:13[m[K,
[12.731s]                  from [01m[K/home/ubuntu/Edited_AirshipMPC/submodules/AirCap/packages/flight/neural_network_detector/src/NNDetector.cpp:5[m[K:
[12.731s] [01m[K/opt/ros/humble/include/image_transport/image_transport/image_transport.hpp:196:14:[m[K [01;36m[Knote: [m[Kcandidate: â€˜[01m[Ktemplate<class T> image_transport::Subscriber image_transport::ImageTransport::subscribe(const string&, uint32_t, void (T::*)(const ImageConstPtr&), T*, const image_transport::TransportHints*)[m[Kâ€™
[12.731s]   196 |   Subscriber [01;36m[Ksubscribe[m[K(
[12.731s]       |              [01;36m[K^~~~~~~~~[m[K
[12.731s] [01m[K/opt/ros/humble/include/image_transport/image_transport/image_transport.hpp:196:14:[m[K [01;36m[Knote: [m[K  template argument deduction/substitution failed:
[12.732s] [01m[K/home/ubuntu/Edited_AirshipMPC/submodules/AirCap/packages/flight/neural_network_detector/src/NNDetector.cpp:141:26:[m[K [01;36m[Knote: [m[K  mismatched types â€˜[01m[Kconst ImageConstPtr[m[Kâ€™ {aka â€˜[01m[Kconst std::shared_ptr<const sensor_msgs::msg::Image_<std::allocator<void> > >[m[Kâ€™} and â€˜[01m[Kconst int[m[Kâ€™
[12.732s]   141 |   img_sub_ = [01;36m[Kit.subscribe(img_topic, 1, &NNDetector::imgCallback,[m[K
[12.732s]       |              [01;36m[K~~~~~~~~~~~~^~~~~~~~~~~~~~~~~~~~~~~~~~~~~~~~~~~~~~~~[m[K
[12.732s]   142 | [01;36m[K                          this)[m[K; // queue of 1, we only want the latest image to be processed
[12.732s]       |                           [01;36m[K~~~~~[m[K
[12.732s] In file included from [01m[K/home/ubuntu/Edited_AirshipMPC/submodules/AirCap/packages/flight/neural_network_detector/include/neural_network_detector/NNDetector.h:13[m[K,
[12.732s]                  from [01m[K/home/ubuntu/Edited_AirshipMPC/submodules/AirCap/packages/flight/neural_network_detector/src/NNDetector.cpp:5[m[K:
[12.732s] [01m[K/opt/ros/humble/include/image_transport/image_transport/image_transport.hpp:210:14:[m[K [01;36m[Knote: [m[Kcandidate: â€˜[01m[Ktemplate<class T> image_transport::Subscriber image_transport::ImageTransport::subscribe(const string&, uint32_t, void (T::*)(const ImageConstPtr&), T*, const image_transport::TransportHints*, rclcpp::SubscriptionOptions)[m[Kâ€™
[12.732s]   210 |   Subscriber [01;36m[Ksubscribe[m[K(
[12.732s]       |              [01;36m[K^~~~~~~~~[m[K
[12.732s] [01m[K/opt/ros/humble/include/image_transport/image_transport/image_transport.hpp:210:14:[m[K [01;36m[Knote: [m[K  template argument deduction/substitution failed:
[12.732s] [01m[K/home/ubuntu/Edited_AirshipMPC/submodules/AirCap/packages/flight/neural_network_detector/src/NNDetector.cpp:141:26:[m[K [01;36m[Knote: [m[K  mismatched types â€˜[01m[Kconst ImageConstPtr[m[Kâ€™ {aka â€˜[01m[Kconst std::shared_ptr<const sensor_msgs::msg::Image_<std::allocator<void> > >[m[Kâ€™} and â€˜[01m[Kconst int[m[Kâ€™
[12.732s]   141 |   img_sub_ = [01;36m[Kit.subscribe(img_topic, 1, &NNDetector::imgCallback,[m[K
[12.732s]       |              [01;36m[K~~~~~~~~~~~~^~~~~~~~~~~~~~~~~~~~~~~~~~~~~~~~~~~~~~~~[m[K
[12.732s]   142 | [01;36m[K                          this)[m[K; // queue of 1, we only want the latest image to be processed
[12.732s]       |                           [01;36m[K~~~~~[m[K
[12.732s] In file included from [01m[K/home/ubuntu/Edited_AirshipMPC/submodules/AirCap/packages/flight/neural_network_detector/include/neural_network_detector/NNDetector.h:13[m[K,
[12.732s]                  from [01m[K/home/ubuntu/Edited_AirshipMPC/submodules/AirCap/packages/flight/neural_network_detector/src/NNDetector.cpp:5[m[K:
[12.732s] [01m[K/opt/ros/humble/include/image_transport/image_transport/image_transport.hpp:225:14:[m[K [01;36m[Knote: [m[Kcandidate: â€˜[01m[Ktemplate<class T> image_transport::Subscriber image_transport::ImageTransport::subscribe(const string&, uint32_t, void (T::*)(const ImageConstPtr&), const std::shared_ptr<_Tp>&, const image_transport::TransportHints*)[m[Kâ€™
[12.732s]   225 |   Subscriber [01;36m[Ksubscribe[m[K(
[12.733s]       |              [01;36m[K^~~~~~~~~[m[K
[12.733s] [01m[K/opt/ros/humble/include/image_transport/image_transport/image_transport.hpp:225:14:[m[K [01;36m[Knote: [m[K  template argument deduction/substitution failed:
[12.733s] [01m[K/home/ubuntu/Edited_AirshipMPC/submodules/AirCap/packages/flight/neural_network_detector/src/NNDetector.cpp:141:26:[m[K [01;36m[Knote: [m[K  mismatched types â€˜[01m[Kconst ImageConstPtr[m[Kâ€™ {aka â€˜[01m[Kconst std::shared_ptr<const sensor_msgs::msg::Image_<std::allocator<void> > >[m[Kâ€™} and â€˜[01m[Kconst int[m[Kâ€™
[12.733s]   141 |   img_sub_ = [01;36m[Kit.subscribe(img_topic, 1, &NNDetector::imgCallback,[m[K
[12.733s]       |              [01;36m[K~~~~~~~~~~~~^~~~~~~~~~~~~~~~~~~~~~~~~~~~~~~~~~~~~~~~[m[K
[12.733s]   142 | [01;36m[K                          this)[m[K; // queue of 1, we only want the latest image to be processed
[12.733s]       |                           [01;36m[K~~~~~[m[K
[12.733s] In file included from [01m[K/home/ubuntu/Edited_AirshipMPC/submodules/AirCap/packages/flight/neural_network_detector/include/neural_network_detector/NNDetector.h:13[m[K,
[12.733s]                  from [01m[K/home/ubuntu/Edited_AirshipMPC/submodules/AirCap/packages/flight/neural_network_detector/src/NNDetector.cpp:5[m[K:
[12.733s] [01m[K/opt/ros/humble/include/image_transport/image_transport/image_transport.hpp:240:14:[m[K [01;36m[Knote: [m[Kcandidate: â€˜[01m[Ktemplate<class T> image_transport::Subscriber image_transport::ImageTransport::subscribe(const string&, uint32_t, void (T::*)(const ImageConstPtr&), const std::shared_ptr<_Tp>&, const image_transport::TransportHints*, rclcpp::SubscriptionOptions)[m[Kâ€™
[12.733s]   240 |   Subscriber [01;36m[Ksubscribe[m[K(
[12.733s]       |              [01;36m[K^~~~~~~~~[m[K
[12.733s] [01m[K/opt/ros/humble/include/image_transport/image_transport/image_transport.hpp:240:14:[m[K [01;36m[Knote: [m[K  template argument deduction/substitution failed:
[12.733s] [01m[K/home/ubuntu/Edited_AirshipMPC/submodules/AirCap/packages/flight/neural_network_detector/src/NNDetector.cpp:141:26:[m[K [01;36m[Knote: [m[K  mismatched types â€˜[01m[Kconst ImageConstPtr[m[Kâ€™ {aka â€˜[01m[Kconst std::shared_ptr<const sensor_msgs::msg::Image_<std::allocator<void> > >[m[Kâ€™} and â€˜[01m[Kconst int[m[Kâ€™
[12.733s]   141 |   img_sub_ = [01;36m[Kit.subscribe(img_topic, 1, &NNDetector::imgCallback,[m[K
[12.733s]       |              [01;36m[K~~~~~~~~~~~~^~~~~~~~~~~~~~~~~~~~~~~~~~~~~~~~~~~~~~~~[m[K
[12.733s]   142 | [01;36m[K                          this)[m[K; // queue of 1, we only want the latest image to be processed
[12.733s]       |                           [01;36m[K~~~~~[m[K
[12.733s] In file included from [01m[K/home/ubuntu/Edited_AirshipMPC/submodules/AirCap/packages/flight/neural_network_detector/include/neural_network_detector/NNDetector.h:13[m[K,
[12.733s]                  from [01m[K/home/ubuntu/Edited_AirshipMPC/submodules/AirCap/packages/flight/neural_network_detector/src/NNDetector.cpp:5[m[K:
[12.734s] [01m[K/opt/ros/humble/include/image_transport/image_transport/image_transport.hpp:283:14:[m[K [01;36m[Knote: [m[Kcandidate: â€˜[01m[Ktemplate<class T> image_transport::Subscriber image_transport::ImageTransport::subscribe(const string&, rmw_qos_profile_t, void (T::*)(const ImageConstPtr&), T*, const image_transport::TransportHints*, rclcpp::SubscriptionOptions)[m[Kâ€™
[12.734s]   283 |   Subscriber [01;36m[Ksubscribe[m[K(
[12.734s]       |              [01;36m[K^~~~~~~~~[m[K
[12.734s] [01m[K/opt/ros/humble/include/image_transport/image_transport/image_transport.hpp:283:14:[m[K [01;36m[Knote: [m[K  template argument deduction/substitution failed:
[12.734s] [01m[K/home/ubuntu/Edited_AirshipMPC/submodules/AirCap/packages/flight/neural_network_detector/src/NNDetector.cpp:141:26:[m[K [01;36m[Knote: [m[K  mismatched types â€˜[01m[Kconst ImageConstPtr[m[Kâ€™ {aka â€˜[01m[Kconst std::shared_ptr<const sensor_msgs::msg::Image_<std::allocator<void> > >[m[Kâ€™} and â€˜[01m[Kconst int[m[Kâ€™
[12.734s]   141 |   img_sub_ = [01;36m[Kit.subscribe(img_topic, 1, &NNDetector::imgCallback,[m[K
[12.734s]       |              [01;36m[K~~~~~~~~~~~~^~~~~~~~~~~~~~~~~~~~~~~~~~~~~~~~~~~~~~~~[m[K
[12.734s]   142 | [01;36m[K                          this)[m[K; // queue of 1, we only want the latest image to be processed
[12.734s]       |                           [01;36m[K~~~~~[m[K
[12.734s] In file included from [01m[K/home/ubuntu/Edited_AirshipMPC/submodules/AirCap/packages/flight/neural_network_detector/include/neural_network_detector/NNDetector.h:13[m[K,
[12.734s]                  from [01m[K/home/ubuntu/Edited_AirshipMPC/submodules/AirCap/packages/flight/neural_network_detector/src/NNDetector.cpp:5[m[K:
[12.734s] [01m[K/opt/ros/humble/include/image_transport/image_transport/image_transport.hpp:298:14:[m[K [01;36m[Knote: [m[Kcandidate: â€˜[01m[Ktemplate<class T> image_transport::Subscriber image_transport::ImageTransport::subscribe(const string&, rmw_qos_profile_t, void (T::*)(const ImageConstPtr&), const std::shared_ptr<_Tp>&, const image_transport::TransportHints*, rclcpp::SubscriptionOptions)[m[Kâ€™
[12.734s]   298 |   Subscriber [01;36m[Ksubscribe[m[K(
[12.734s]       |              [01;36m[K^~~~~~~~~[m[K
[12.734s] [01m[K/opt/ros/humble/include/image_transport/image_transport/image_transport.hpp:298:14:[m[K [01;36m[Knote: [m[K  template argument deduction/substitution failed:
[12.734s] [01m[K/home/ubuntu/Edited_AirshipMPC/submodules/AirCap/packages/flight/neural_network_detector/src/NNDetector.cpp:141:26:[m[K [01;36m[Knote: [m[K  mismatched types â€˜[01m[Kconst ImageConstPtr[m[Kâ€™ {aka â€˜[01m[Kconst std::shared_ptr<const sensor_msgs::msg::Image_<std::allocator<void> > >[m[Kâ€™} and â€˜[01m[Kconst int[m[Kâ€™
[12.734s]   141 |   img_sub_ = [01;36m[Kit.subscribe(img_topic, 1, &NNDetector::imgCallback,[m[K
[12.734s]       |              [01;36m[K~~~~~~~~~~~~^~~~~~~~~~~~~~~~~~~~~~~~~~~~~~~~~~~~~~~~[m[K
[12.734s]   142 | [01;36m[K                          this)[m[K; // queue of 1, we only want the latest image to be processed
[12.734s]       |                           [01;36m[K~~~~~[m[K
[12.734s] In file included from [01m[K/home/ubuntu/Edited_AirshipMPC/submodules/AirCap/packages/flight/neural_network_detector/include/neural_network_detector/NNDetector.h:13[m[K,
[12.734s]                  from [01m[K/home/ubuntu/Edited_AirshipMPC/submodules/AirCap/packages/flight/neural_network_detector/src/NNDetector.cpp:5[m[K:
[12.734s] [01m[K/opt/ros/humble/include/image_transport/image_transport/image_transport.hpp:144:14:[m[K [01;36m[Knote: [m[Kcandidate: â€˜[01m[Kimage_transport::Subscriber image_transport::ImageTransport::subscribe(const string&, uint32_t, const Callback&, const VoidPtr&, const image_transport::TransportHints*)[m[Kâ€™
[12.735s]   144 |   Subscriber [01;36m[Ksubscribe[m[K(
[12.735s]       |              [01;36m[K^~~~~~~~~[m[K
[12.735s] [01m[K/opt/ros/humble/include/image_transport/image_transport/image_transport.hpp:146:34:[m[K [01;36m[Knote: [m[K  no known conversion for argument 3 from â€˜[01m[Kvoid (neural_network_detector::NNDetector::*)(const int&)[m[Kâ€™ to â€˜[01m[Kconst Callback&[m[Kâ€™ {aka â€˜[01m[Kconst std::function<void(const std::shared_ptr<const sensor_msgs::msg::Image_<std::allocator<void> > >&)>&[m[Kâ€™}
[12.735s]   146 |     [01;36m[Kconst Subscriber::Callback & callback[m[K,
[12.735s]       |     [01;36m[K~~~~~~~~~~~~~~~~~~~~~~~~~~~~~^~~~~~~~[m[K
[12.735s] [01m[K/opt/ros/humble/include/image_transport/image_transport/image_transport.hpp:154:14:[m[K [01;36m[Knote: [m[Kcandidate: â€˜[01m[Kimage_transport::Subscriber image_transport::ImageTransport::subscribe(const string&, uint32_t, const Callback&, const VoidPtr&, const image_transport::TransportHints*, rclcpp::SubscriptionOptions)[m[Kâ€™
[12.735s]   154 |   Subscriber [01;36m[Ksubscribe[m[K(
[12.735s]       |              [01;36m[K^~~~~~~~~[m[K
[12.735s] [01m[K/opt/ros/humble/include/image_transport/image_transport/image_transport.hpp:154:14:[m[K [01;36m[Knote: [m[K  candidate expects 6 arguments, 4 provided
[12.735s] [01m[K/opt/ros/humble/include/image_transport/image_transport/image_transport.hpp:165:14:[m[K [01;36m[Knote: [m[Kcandidate: â€˜[01m[Kimage_transport::Subscriber image_transport::ImageTransport::subscribe(const string&, uint32_t, void (*)(const ImageConstPtr&), const image_transport::TransportHints*)[m[Kâ€™
[12.735s]   165 |   Subscriber [01;36m[Ksubscribe[m[K(
[12.735s]       |              [01;36m[K^~~~~~~~~[m[K
[12.735s] [01m[K/opt/ros/humble/include/image_transport/image_transport/image_transport.hpp:167:13:[m[K [01;36m[Knote: [m[K  no known conversion for argument 3 from â€˜[01m[Kvoid (neural_network_detector::NNDetector::*)(const int&)[m[Kâ€™ to â€˜[01m[Kvoid (*)(const ImageConstPtr&)[m[Kâ€™ {aka â€˜[01m[Kvoid (*)(const std::shared_ptr<const sensor_msgs::msg::Image_<std::allocator<void> > >&)[m[Kâ€™}
[12.735s]   167 |     [01;36m[Kvoid (* fp)(const ImageConstPtr &)[m[K,
[12.735s]       |     [01;36m[K~~~~~~~~^~~~~~~~~~~~~~~~~~~~~~~~~~[m[K
[12.735s] [01m[K/opt/ros/humble/include/image_transport/image_transport/image_transport.hpp:180:14:[m[K [01;36m[Knote: [m[Kcandidate: â€˜[01m[Kimage_transport::Subscriber image_transport::ImageTransport::subscribe(const string&, uint32_t, void (*)(const ImageConstPtr&), const image_transport::TransportHints*, rclcpp::SubscriptionOptions)[m[Kâ€™
[12.735s]   180 |   Subscriber [01;36m[Ksubscribe[m[K(
[12.735s]       |              [01;36m[K^~~~~~~~~[m[K
[12.735s] [01m[K/opt/ros/humble/include/image_transport/image_transport/image_transport.hpp:180:14:[m[K [01;36m[Knote: [m[K  candidate expects 5 arguments, 4 provided
[12.735s] [01m[K/opt/ros/humble/include/image_transport/image_transport/image_transport.hpp:256:14:[m[K [01;36m[Knote: [m[Kcandidate: â€˜[01m[Kimage_transport::Subscriber image_transport::ImageTransport::subscribe(const string&, rmw_qos_profile_t, const Callback&, const VoidPtr&, const image_transport::TransportHints*, rclcpp::SubscriptionOptions)[m[Kâ€™
[12.735s]   256 |   Subscriber [01;36m[Ksubscribe[m[K(
[12.735s]       |              [01;36m[K^~~~~~~~~[m[K
[12.735s] [01m[K/opt/ros/humble/include/image_transport/image_transport/image_transport.hpp:256:14:[m[K [01;36m[Knote: [m[K  candidate expects 6 arguments, 4 provided
[12.735s] [01m[K/opt/ros/humble/include/image_transport/image_transport/image_transport.hpp:267:14:[m[K [01;36m[Knote: [m[Kcandidate: â€˜[01m[Kimage_transport::Subscriber image_transport::ImageTransport::subscribe(const string&, rmw_qos_profile_t, void (*)(const ImageConstPtr&), const image_transport::TransportHints*, rclcpp::SubscriptionOptions)[m[Kâ€™
[12.736s]   267 |   Subscriber [01;36m[Ksubscribe[m[K(
[12.736s]       |              [01;36m[K^~~~~~~~~[m[K
[12.736s] [01m[K/opt/ros/humble/include/image_transport/image_transport/image_transport.hpp:268:55:[m[K [01;36m[Knote: [m[K  no known conversion for argument 2 from â€˜[01m[Kint[m[Kâ€™ to â€˜[01m[Krmw_qos_profile_t[m[Kâ€™ {aka â€˜[01m[Krmw_qos_profile_s[m[Kâ€™}
[12.736s]   268 |     const std::string & base_topic, [01;36m[Krmw_qos_profile_t custom_qos[m[K,
[12.736s]       |                                     [01;36m[K~~~~~~~~~~~~~~~~~~^~~~~~~~~~[m[K
[12.736s] [01m[K/home/ubuntu/Edited_AirshipMPC/submodules/AirCap/packages/flight/neural_network_detector/src/NNDetector.cpp:[m[K At global scope:
[12.736s] [01m[K/home/ubuntu/Edited_AirshipMPC/submodules/AirCap/packages/flight/neural_network_detector/src/NNDetector.cpp:145:6:[m[K [01;31m[Kerror: [m[Kâ€˜[01m[Kbool neural_network_detector::NNDetector::connectMultiple[m[Kâ€™ is not a static data member of â€˜[01m[Kclass neural_network_detector::NNDetector[m[Kâ€™
[12.736s]   145 | bool [01;31m[KNNDetector[m[K::connectMultiple(ros::Rate sleeper, int tries) {
[12.736s]       |      [01;31m[K^~~~~~~~~~[m[K
[12.736s] [01m[K/home/ubuntu/Edited_AirshipMPC/submodules/AirCap/packages/flight/neural_network_detector/src/NNDetector.cpp:145:34:[m[K [01;31m[Kerror: [m[Kâ€˜[01m[Kros[m[Kâ€™ has not been declared
[12.736s]   145 | bool NNDetector::connectMultiple([01;31m[Kros[m[K::Rate sleeper, int tries) {
[12.736s]       |                                  [01;31m[K^~~[m[K
[12.736s] [01m[K/home/ubuntu/Edited_AirshipMPC/submodules/AirCap/packages/flight/neural_network_detector/src/NNDetector.cpp:145:53:[m[K [01;31m[Kerror: [m[Kexpected primary-expression before â€˜[01m[Kint[m[Kâ€™
[12.736s]   145 | bool NNDetector::connectMultiple(ros::Rate sleeper, [01;31m[Kint[m[K tries) {
[12.736s]       |                                                     [01;31m[K^~~[m[K
[12.736s] [01m[K/home/ubuntu/Edited_AirshipMPC/submodules/AirCap/packages/flight/neural_network_detector/src/NNDetector.cpp:145:62:[m[K [01;31m[Kerror: [m[Kexpression list treated as compound expression in initializer [[01;31m[K]8;;https://gcc.gnu.org/onlinedocs/gcc/Warning-Options.html#index-fpermissive-fpermissive]8;;[m[K]
[12.736s]   145 | bool NNDetector::connectMultiple(ros::Rate sleeper, int tries[01;31m[K)[m[K {
[12.736s]       |                                                              [01;31m[K^[m[K
[12.743s] In file included from [01m[K/opt/ros/humble/include/rclcpp/rclcpp/client.hpp:40[m[K,
[12.743s]                  from [01m[K/opt/ros/humble/include/rclcpp/rclcpp/callback_group.hpp:24[m[K,
[12.743s]                  from [01m[K/opt/ros/humble/include/rclcpp/rclcpp/any_executable.hpp:20[m[K,
[12.743s]                  from [01m[K/opt/ros/humble/include/rclcpp/rclcpp/memory_strategy.hpp:25[m[K,
[12.743s]                  from [01m[K/opt/ros/humble/include/rclcpp/rclcpp/memory_strategies.hpp:18[m[K,
[12.743s]                  from [01m[K/opt/ros/humble/include/rclcpp/rclcpp/executor_options.hpp:20[m[K,
[12.743s]                  from [01m[K/opt/ros/humble/include/rclcpp/rclcpp/executor.hpp:37[m[K,
[12.743s]                  from [01m[K/opt/ros/humble/include/rclcpp/rclcpp/executors/multi_threaded_executor.hpp:25[m[K,
[12.743s]                  from [01m[K/opt/ros/humble/include/rclcpp/rclcpp/executors.hpp:21[m[K,
[12.743s]                  from [01m[K/opt/ros/humble/include/rclcpp/rclcpp/rclcpp.hpp:155[m[K,
[12.743s]                  from [01m[K/home/ubuntu/Edited_AirshipMPC/submodules/AirCap/packages/flight/neural_network_detector/include/neural_network_detector/NNDetector.h:8[m[K,
[12.744s]                  from [01m[K/home/ubuntu/Edited_AirshipMPC/submodules/AirCap/packages/flight/neural_network_detector/src/NNDetector.cpp:5[m[K:
[12.744s] [01m[K/home/ubuntu/Edited_AirshipMPC/submodules/AirCap/packages/flight/neural_network_detector/src/NNDetector.cpp:[m[K In member function â€˜[01m[Kbool neural_network_detector::NNDetector::connect()[m[Kâ€™:
[12.744s] [01m[K/home/ubuntu/Edited_AirshipMPC/submodules/AirCap/packages/flight/neural_network_detector/src/NNDetector.cpp:177:17:[m[K [01;31m[Kerror: [m[Kâ€˜[01m[Knode[m[Kâ€™ was not declared in this scope
[12.744s]   177 |     RCLCPP_WARN([01;31m[Knode[m[K->get_logger(), "Exception: %s", e.what());
[12.744s]       |                 [01;31m[K^~~~[m[K
[12.744s] [01m[K/home/ubuntu/Edited_AirshipMPC/submodules/AirCap/packages/flight/neural_network_detector/src/NNDetector.cpp:177:5:[m[K [01;31m[Kerror: [m[Ktemplate argument 1 is invalid
[12.744s]   177 |     [01;31m[KRCLCPP_WARN[m[K(node->get_logger(), "Exception: %s", e.what());
[12.744s]       |     [01;31m[K^~~~~~~~~~~[m[K
[12.744s] [01m[K/home/ubuntu/Edited_AirshipMPC/submodules/AirCap/packages/flight/neural_network_detector/src/NNDetector.cpp:177:5:[m[K [01;31m[Kerror: [m[Ktemplate argument 1 is invalid
[12.744s]   177 |     [01;31m[KRCLCPP_WARN[m[K(node->get_logger(), "Exception: %s", e.what());
[12.744s]       |     [01;31m[K^~~~~~~~~~~[m[K
[12.744s] [01m[K/home/ubuntu/Edited_AirshipMPC/submodules/AirCap/packages/flight/neural_network_detector/src/NNDetector.cpp:177:5:[m[K [01;31m[Kerror: [m[Ktemplate argument 1 is invalid
[12.744s]   177 |     [01;31m[KRCLCPP_WARN[m[K(node->get_logger(), "Exception: %s", e.what());
[12.744s]       |     [01;31m[K^~~~~~~~~~~[m[K
[12.744s] [01m[K/home/ubuntu/Edited_AirshipMPC/submodules/AirCap/packages/flight/neural_network_detector/src/NNDetector.cpp:182:20:[m[K [01;31m[Kerror: [m[Kbase operand of â€˜[01m[K->[m[Kâ€™ is not a pointer
[12.744s]   182 |     max_update_rate[01;31m[K->[m[Kreset();
[12.744s]       |                    [01;31m[K^~[m[K
[12.745s] [01m[K/home/ubuntu/Edited_AirshipMPC/submodules/AirCap/packages/flight/neural_network_detector/src/NNDetector.cpp:[m[K At global scope:
[12.745s] [01m[K/home/ubuntu/Edited_AirshipMPC/submodules/AirCap/packages/flight/neural_network_detector/src/NNDetector.cpp:187:49:[m[K [01;31m[Kerror: [m[Kâ€˜[01m[KImageConstPtr[m[Kâ€™ in namespace â€˜[01m[Ksensor_msgs[m[Kâ€™ does not name a type
[12.745s]   187 | void NNDetector::imgCallback(const sensor_msgs::[01;31m[KImageConstPtr[m[K &msgp) {
[12.745s]       |                                                 [01;31m[K^~~~~~~~~~~~~[m[K
[12.754s] In file included from [01m[K/opt/ros/humble/include/rclcpp/rclcpp/client.hpp:40[m[K,
[12.754s]                  from [01m[K/opt/ros/humble/include/rclcpp/rclcpp/callback_group.hpp:24[m[K,
[12.754s]                  from [01m[K/opt/ros/humble/include/rclcpp/rclcpp/any_executable.hpp:20[m[K,
[12.754s]                  from [01m[K/opt/ros/humble/include/rclcpp/rclcpp/memory_strategy.hpp:25[m[K,
[12.754s]                  from [01m[K/opt/ros/humble/include/rclcpp/rclcpp/memory_strategies.hpp:18[m[K,
[12.754s]                  from [01m[K/opt/ros/humble/include/rclcpp/rclcpp/executor_options.hpp:20[m[K,
[12.754s]                  from [01m[K/opt/ros/humble/include/rclcpp/rclcpp/executor.hpp:37[m[K,
[12.754s]                  from [01m[K/opt/ros/humble/include/rclcpp/rclcpp/executors/multi_threaded_executor.hpp:25[m[K,
[12.754s]                  from [01m[K/opt/ros/humble/include/rclcpp/rclcpp/executors.hpp:21[m[K,
[12.754s]                  from [01m[K/opt/ros/humble/include/rclcpp/rclcpp/rclcpp.hpp:155[m[K,
[12.754s]                  from [01m[K/home/ubuntu/Edited_AirshipMPC/submodules/AirCap/packages/flight/neural_network_detector/include/neural_network_detector/NNDetector.h:8[m[K,
[12.755s]                  from [01m[K/home/ubuntu/Edited_AirshipMPC/submodules/AirCap/packages/flight/neural_network_detector/src/NNDetector.cpp:5[m[K:
[12.755s] [01m[K/home/ubuntu/Edited_AirshipMPC/submodules/AirCap/packages/flight/neural_network_detector/src/NNDetector.cpp:[m[K In member function â€˜[01m[Kvoid neural_network_detector::NNDetector::imgCallback(const int&)[m[Kâ€™:
[12.755s] [01m[K/home/ubuntu/Edited_AirshipMPC/submodules/AirCap/packages/flight/neural_network_detector/src/NNDetector.cpp:190:17:[m[K [01;31m[Kerror: [m[Kâ€˜[01m[Knode[m[Kâ€™ was not declared in this scope
[12.755s]   190 |     RCLCPP_WARN([01;31m[Knode[m[K->get_logger(), "Invalid ImageConstPtr received, not handled.");
[12.755s]       |                 [01;31m[K^~~~[m[K
[12.755s] [01m[K/home/ubuntu/Edited_AirshipMPC/submodules/AirCap/packages/flight/neural_network_detector/src/NNDetector.cpp:190:5:[m[K [01;31m[Kerror: [m[Ktemplate argument 1 is invalid
[12.755s]   190 |     [01;31m[KRCLCPP_WARN[m[K(node->get_logger(), "Invalid ImageConstPtr received, not handled.");
[12.755s]       |     [01;31m[K^~~~~~~~~~~[m[K
[12.755s] [01m[K/home/ubuntu/Edited_AirshipMPC/submodules/AirCap/packages/flight/neural_network_detector/src/NNDetector.cpp:190:5:[m[K [01;31m[Kerror: [m[Ktemplate argument 1 is invalid
[12.755s]   190 |     [01;31m[KRCLCPP_WARN[m[K(node->get_logger(), "Invalid ImageConstPtr received, not handled.");
[12.755s]       |     [01;31m[K^~~~~~~~~~~[m[K
[12.755s] [01m[K/home/ubuntu/Edited_AirshipMPC/submodules/AirCap/packages/flight/neural_network_detector/src/NNDetector.cpp:190:5:[m[K [01;31m[Kerror: [m[Ktemplate argument 1 is invalid
[12.755s]   190 |     [01;31m[KRCLCPP_WARN[m[K(node->get_logger(), "Invalid ImageConstPtr received, not handled.");
[12.755s]       |     [01;31m[K^~~~~~~~~~~[m[K
[12.755s] [01m[K/home/ubuntu/Edited_AirshipMPC/submodules/AirCap/packages/flight/neural_network_detector/src/NNDetector.cpp:198:36:[m[K [01;31m[Kerror: [m[Kno matching function for call to â€˜[01m[KtoCvShare(const int&, const char [5])[m[Kâ€™
[12.755s]   198 |     mat_img_ = [01;31m[Kcv_bridge::toCvShare(msgp, "bgr8")[m[K->image;
[12.755s]       |                [01;31m[K~~~~~~~~~~~~~~~~~~~~^~~~~~~~~~~~~~[m[K
[12.755s] In file included from [01m[K/home/ubuntu/Edited_AirshipMPC/submodules/AirCap/packages/flight/neural_network_detector/src/NNDetector.cpp:6[m[K:
[12.755s] [01m[K/opt/ros/humble/include/cv_bridge/cv_bridge/cv_bridge.h:232:34:[m[K [01;36m[Knote: [m[Kcandidate: â€˜[01m[Kcv_bridge::CvImageConstPtr cv_bridge::toCvShare(const ConstSharedPtr&, const string&)[m[Kâ€™
[12.755s]   232 | CV_BRIDGE_EXPORT CvImageConstPtr [01;36m[KtoCvShare[m[K(
[12.755s]       |                                  [01;36m[K^~~~~~~~~[m[K
[12.756s] [01m[K/opt/ros/humble/include/cv_bridge/cv_bridge/cv_bridge.h:233:51:[m[K [01;36m[Knote: [m[K  no known conversion for argument 1 from â€˜[01m[Kconst int[m[Kâ€™ to â€˜[01m[Kconst ConstSharedPtr&[m[Kâ€™ {aka â€˜[01m[Kconst std::shared_ptr<const sensor_msgs::msg::Image_<std::allocator<void> > >&[m[Kâ€™}
[12.756s]   233 |   [01;36m[Kconst sensor_msgs::msg::Image::ConstSharedPtr & source[m[K,
[12.756s]       |   [01;36m[K~~~~~~~~~~~~~~~~~~~~~~~~~~~~~~~~~~~~~~~~~~~~~~~~^~~~~~[m[K
[12.756s] [01m[K/opt/ros/humble/include/cv_bridge/cv_bridge/cv_bridge.h:260:34:[m[K [01;36m[Knote: [m[Kcandidate: â€˜[01m[Kcv_bridge::CvImageConstPtr cv_bridge::toCvShare(const Image&, const std::shared_ptr<const void>&, const string&)[m[Kâ€™
[12.756s]   260 | CV_BRIDGE_EXPORT CvImageConstPtr [01;36m[KtoCvShare[m[K(
[12.756s]       |                                  [01;36m[K^~~~~~~~~[m[K
[12.756s] [01m[K/opt/ros/humble/include/cv_bridge/cv_bridge/cv_bridge.h:154:37:[m[K [01;36m[Knote: [m[K  no known conversion for argument 1 from â€˜[01m[Kconst int[m[Kâ€™ to â€˜[01m[Kconst Image&[m[Kâ€™ {aka â€˜[01m[Kconst sensor_msgs::msg::Image_<std::allocator<void> >&[m[Kâ€™}
[12.756s]   154 |     [01;36m[Kconst sensor_msgs::msg::Image & source[m[K,
[12.756s]       |     [01;36m[K~~~~~~~~~~~~~~~~~~~~~~~~~~~~~~~~^~~~~~[m[K
[12.756s] [01m[K/home/ubuntu/Edited_AirshipMPC/submodules/AirCap/packages/flight/neural_network_detector/src/NNDetector.cpp:209:12:[m[K [01;31m[Kerror: [m[Kbase operand of â€˜[01m[K->[m[Kâ€™ is not a pointer
[12.756s]   209 |     if(msgp[01;31m[K->[m[Kheader.stamp - latest_feedback_.header.stamp > timeout_){
[12.756s]       |            [01;31m[K^~[m[K
[12.781s] [01m[K/home/ubuntu/Edited_AirshipMPC/submodules/AirCap/packages/flight/neural_network_detector/src/NNDetector.cpp:209:29:[m[K [01;31m[Kerror: [m[Kâ€˜[01m[Klatest_feedback_[m[Kâ€™ was not declared in this scope
[12.781s]   209 |     if(msgp->header.stamp - [01;31m[Klatest_feedback_[m[K.header.stamp > timeout_){
[12.781s]       |                             [01;31m[K^~~~~~~~~~~~~~~~[m[K
[12.794s] [01m[K/home/ubuntu/Edited_AirshipMPC/submodules/AirCap/packages/flight/neural_network_detector/src/NNDetector.cpp:209:61:[m[K [01;31m[Kerror: [m[Kâ€˜[01m[Ktimeout_[m[Kâ€™ was not declared in this scope
[12.794s]   209 |     if(msgp->header.stamp - latest_feedback_.header.stamp > [01;31m[Ktimeout_[m[K){
[12.795s]       |                                                             [01;31m[K^~~~~~~~[m[K
[12.795s] [01m[K/home/ubuntu/Edited_AirshipMPC/submodules/AirCap/packages/flight/neural_network_detector/src/NNDetector.cpp:211:97:[m[K [01;31m[Kerror: [m[Kbase operand of â€˜[01m[K->[m[Kâ€™ is not a pointer
[12.795s]   211 |       ROS_INFO_STREAM_THROTTLE(0.5, "Using whole image because no tracker feedback for " << msgp[01;31m[K->[m[Kheader.stamp - latest_feedback_.header.stamp);
[12.795s]       |                                                                                                 [01;31m[K^~[m[K
[12.830s] [01m[K/home/ubuntu/Edited_AirshipMPC/submodules/AirCap/packages/flight/neural_network_detector/src/NNDetector.cpp:211:7:[m[K [01;31m[Kerror: [m[Kâ€˜[01m[KROS_INFO_STREAM_THROTTLE[m[Kâ€™ was not declared in this scope; did you mean â€˜[01m[KRCLCPP_INFO_STREAM_THROTTLE[m[Kâ€™?
[12.830s]   211 |       [01;31m[KROS_INFO_STREAM_THROTTLE[m[K(0.5, "Using whole image because no tracker feedback for " << msgp->header.stamp - latest_feedback_.header.stamp);
[12.830s]       |       [01;31m[K^~~~~~~~~~~~~~~~~~~~~~~~[m[K
[12.831s]       |       [32m[KRCLCPP_INFO_STREAM_THROTTLE[m[K
[12.859s] [01m[K/home/ubuntu/Edited_AirshipMPC/submodules/AirCap/packages/flight/neural_network_detector/src/NNDetector.cpp:216:42:[m[K [01;31m[Kerror: [m[Kâ€˜[01m[Klatest_feedback_[m[Kâ€™ was not declared in this scope
[12.859s]   216 |     const auto crop_area = get_crop_area([01;31m[Klatest_feedback_[m[K, original_resolution, desired_resolution, aspect_ratio, proj_crop, timed_out);
[12.859s]       |                                          [01;31m[K^~~~~~~~~~~~~~~~[m[K
[12.870s] In file included from [01m[K/opt/ros/humble/include/rclcpp/rclcpp/client.hpp:40[m[K,
[12.870s]                  from [01m[K/opt/ros/humble/include/rclcpp/rclcpp/callback_group.hpp:24[m[K,
[12.870s]                  from [01m[K/opt/ros/humble/include/rclcpp/rclcpp/any_executable.hpp:20[m[K,
[12.870s]                  from [01m[K/opt/ros/humble/include/rclcpp/rclcpp/memory_strategy.hpp:25[m[K,
[12.870s]                  from [01m[K/opt/ros/humble/include/rclcpp/rclcpp/memory_strategies.hpp:18[m[K,
[12.870s]                  from [01m[K/opt/ros/humble/include/rclcpp/rclcpp/executor_options.hpp:20[m[K,
[12.870s]                  from [01m[K/opt/ros/humble/include/rclcpp/rclcpp/executor.hpp:37[m[K,
[12.870s]                  from [01m[K/opt/ros/humble/include/rclcpp/rclcpp/executors/multi_threaded_executor.hpp:25[m[K,
[12.870s]                  from [01m[K/opt/ros/humble/include/rclcpp/rclcpp/executors.hpp:21[m[K,
[12.870s]                  from [01m[K/opt/ros/humble/include/rclcpp/rclcpp/rclcpp.hpp:155[m[K,
[12.871s]                  from [01m[K/home/ubuntu/Edited_AirshipMPC/submodules/AirCap/packages/flight/neural_network_detector/include/neural_network_detector/NNDetector.h:8[m[K,
[12.871s]                  from [01m[K/home/ubuntu/Edited_AirshipMPC/submodules/AirCap/packages/flight/neural_network_detector/src/NNDetector.cpp:5[m[K:
[12.871s] [01m[K/home/ubuntu/Edited_AirshipMPC/submodules/AirCap/packages/flight/neural_network_detector/src/NNDetector.cpp:256:19:[m[K [01;31m[Kerror: [m[Kâ€˜[01m[Knode[m[Kâ€™ was not declared in this scope
[12.871s]   256 |       RCLCPP_WARN([01;31m[Knode[m[K->get_logger(), "ALERT! Detection result exceeds buffer!\n");
[12.871s]       |                   [01;31m[K^~~~[m[K
[12.871s] [01m[K/home/ubuntu/Edited_AirshipMPC/submodules/AirCap/packages/flight/neural_network_detector/src/NNDetector.cpp:256:7:[m[K [01;31m[Kerror: [m[Ktemplate argument 1 is invalid
[12.871s]   256 |       [01;31m[KRCLCPP_WARN[m[K(node->get_logger(), "ALERT! Detection result exceeds buffer!\n");
[12.871s]       |       [01;31m[K^~~~~~~~~~~[m[K
[12.871s] [01m[K/home/ubuntu/Edited_AirshipMPC/submodules/AirCap/packages/flight/neural_network_detector/src/NNDetector.cpp:256:7:[m[K [01;31m[Kerror: [m[Ktemplate argument 1 is invalid
[12.871s]   256 |       [01;31m[KRCLCPP_WARN[m[K(node->get_logger(), "ALERT! Detection result exceeds buffer!\n");
[12.871s]       |       [01;31m[K^~~~~~~~~~~[m[K
[12.871s] [01m[K/home/ubuntu/Edited_AirshipMPC/submodules/AirCap/packages/flight/neural_network_detector/src/NNDetector.cpp:256:7:[m[K [01;31m[Kerror: [m[Ktemplate argument 1 is invalid
[12.871s]   256 |       [01;31m[KRCLCPP_WARN[m[K(node->get_logger(), "ALERT! Detection result exceeds buffer!\n");
[12.871s]       |       [01;31m[K^~~~~~~~~~~[m[K
[12.872s] [01m[K/home/ubuntu/Edited_AirshipMPC/submodules/AirCap/packages/flight/neural_network_detector/src/NNDetector.cpp:264:5:[m[K [01;31m[Kerror: [m[Kâ€˜[01m[KNeuralNetworkDetectionArray[m[Kâ€™ was not declared in this scope; did you mean â€˜[01m[Kneural_network_detector::msg::NeuralNetworkDetectionArray[m[Kâ€™?
[12.872s]   264 |     [01;31m[KNeuralNetworkDetectionArray[m[K detection_array_msg;
[12.872s]       |     [01;31m[K^~~~~~~~~~~~~~~~~~~~~~~~~~~[m[K
[12.872s]       |     [32m[Kneural_network_detector::msg::NeuralNetworkDetectionArray[m[K
[12.872s] In file included from [01m[K/home/ubuntu/Edited_AirshipMPC/build/neural_network_detector/rosidl_generator_cpp/neural_network_detector/msg/neural_network_detection_array.hpp:7[m[K,
[12.873s]                  from [01m[K/home/ubuntu/Edited_AirshipMPC/submodules/AirCap/packages/flight/neural_network_detector/include/neural_network_detector/NNDetector.h:15[m[K,
[12.873s]                  from [01m[K/home/ubuntu/Edited_AirshipMPC/submodules/AirCap/packages/flight/neural_network_detector/src/NNDetector.cpp:5[m[K:
[12.873s] [01m[K/home/ubuntu/Edited_AirshipMPC/build/neural_network_detector/rosidl_generator_cpp/neural_network_detector/msg/detail/neural_network_detection_array__struct.hpp:133:7:[m[K [01;36m[Knote: [m[Kâ€˜[01m[Kneural_network_detector::msg::NeuralNetworkDetectionArray[m[Kâ€™ declared here
[12.873s]   133 | using [01;36m[KNeuralNetworkDetectionArray[m[K =
[12.873s]       |       [01;36m[K^~~~~~~~~~~~~~~~~~~~~~~~~~~[m[K
[12.901s] [01m[K/home/ubuntu/Edited_AirshipMPC/submodules/AirCap/packages/flight/neural_network_detector/src/NNDetector.cpp:267:5:[m[K [01;31m[Kerror: [m[Kâ€˜[01m[Kdetection_array_msg[m[Kâ€™ was not declared in this scope; did you mean â€˜[01m[Kdetection_results[m[Kâ€™?
[12.901s]   267 |     [01;31m[Kdetection_array_msg[m[K.header.frame_id = msgp->header.frame_id;
[12.901s]       |     [01;31m[K^~~~~~~~~~~~~~~~~~~[m[K
[12.901s]       |     [32m[Kdetection_results[m[K
[12.901s] [01m[K/home/ubuntu/Edited_AirshipMPC/submodules/AirCap/packages/flight/neural_network_detector/src/NNDetector.cpp:267:47:[m[K [01;31m[Kerror: [m[Kbase operand of â€˜[01m[K->[m[Kâ€™ is not a pointer
[12.901s]   267 |     detection_array_msg.header.frame_id = msgp[01;31m[K->[m[Kheader.frame_id;
[12.901s]       |                                               [01;31m[K^~[m[K
[12.901s] [01m[K/home/ubuntu/Edited_AirshipMPC/submodules/AirCap/packages/flight/neural_network_detector/src/NNDetector.cpp:268:44:[m[K [01;31m[Kerror: [m[Kbase operand of â€˜[01m[K->[m[Kâ€™ is not a pointer
[12.901s]   268 |     detection_array_msg.header.stamp = msgp[01;31m[K->[m[Kheader.stamp;
[12.901s]       |                                            [01;31m[K^~[m[K
[12.904s] [01m[K/home/ubuntu/Edited_AirshipMPC/submodules/AirCap/packages/flight/neural_network_detector/src/NNDetector.cpp:287:7:[m[K [01;31m[Kerror: [m[Kâ€˜[01m[KNeuralNetworkDetection[m[Kâ€™ was not declared in this scope; did you mean â€˜[01m[Kneural_network_detector::msg::NeuralNetworkDetection[m[Kâ€™?
[12.904s]   287 |       [01;31m[KNeuralNetworkDetection[m[K detection_msg_;
[12.904s]       |       [01;31m[K^~~~~~~~~~~~~~~~~~~~~~[m[K
[12.904s]       |       [32m[Kneural_network_detector::msg::NeuralNetworkDetection[m[K
[12.904s] In file included from [01m[K/home/ubuntu/Edited_AirshipMPC/build/neural_network_detector/rosidl_generator_cpp/neural_network_detector/msg/neural_network_detection.hpp:7[m[K,
[12.904s]                  from [01m[K/home/ubuntu/Edited_AirshipMPC/submodules/AirCap/packages/flight/neural_network_detector/include/neural_network_detector/NNDetector.h:14[m[K,
[12.904s]                  from [01m[K/home/ubuntu/Edited_AirshipMPC/submodules/AirCap/packages/flight/neural_network_detector/src/NNDetector.cpp:5[m[K:
[12.904s] [01m[K/home/ubuntu/Edited_AirshipMPC/build/neural_network_detector/rosidl_generator_cpp/neural_network_detector/msg/detail/neural_network_detection__struct.hpp:265:7:[m[K [01;36m[Knote: [m[Kâ€˜[01m[Kneural_network_detector::msg::NeuralNetworkDetection[m[Kâ€™ declared here
[12.904s]   265 | using [01;36m[KNeuralNetworkDetection[m[K =
[12.904s]       |       [01;36m[K^~~~~~~~~~~~~~~~~~~~~~[m[K
[12.922s] [01m[K/home/ubuntu/Edited_AirshipMPC/submodules/AirCap/packages/flight/neural_network_detector/src/NNDetector.cpp:288:7:[m[K [01;31m[Kerror: [m[Kâ€˜[01m[Kdetection_msg_[m[Kâ€™ was not declared in this scope; did you mean â€˜[01m[Kdetection_info[m[Kâ€™?
[12.922s]   288 |       [01;31m[Kdetection_msg_[m[K.header.frame_id = msgp->header.frame_id;
[12.922s]       |       [01;31m[K^~~~~~~~~~~~~~[m[K
[12.922s]       |       [32m[Kdetection_info[m[K
[12.922s] [01m[K/home/ubuntu/Edited_AirshipMPC/submodules/AirCap/packages/flight/neural_network_detector/src/NNDetector.cpp:288:44:[m[K [01;31m[Kerror: [m[Kbase operand of â€˜[01m[K->[m[Kâ€™ is not a pointer
[12.922s]   288 |       detection_msg_.header.frame_id = msgp[01;31m[K->[m[Kheader.frame_id;
[12.922s]       |                                            [01;31m[K^~[m[K
[12.922s] [01m[K/home/ubuntu/Edited_AirshipMPC/submodules/AirCap/packages/flight/neural_network_detector/src/NNDetector.cpp:289:41:[m[K [01;31m[Kerror: [m[Kbase operand of â€˜[01m[K->[m[Kâ€™ is not a pointer
[12.922s]   289 |       detection_msg_.header.stamp = msgp[01;31m[K->[m[Kheader.stamp;
[12.922s]       |                                         [01;31m[K^~[m[K
[12.923s] [01m[K/home/ubuntu/Edited_AirshipMPC/submodules/AirCap/packages/flight/neural_network_detector/src/NNDetector.cpp:338:22:[m[K [01;31m[Kerror: [m[Kbase operand of â€˜[01m[K->[m[Kâ€™ is not a pointer
[12.923s]   338 |       max_update_rate[01;31m[K->[m[Ksleep();
[12.923s]       |                      [01;31m[K^~[m[K
[12.942s] [01m[K/home/ubuntu/Edited_AirshipMPC/submodules/AirCap/packages/flight/neural_network_detector/src/NNDetector.cpp:342:7:[m[K [01;31m[Kerror: [m[Kâ€˜[01m[Kdetection_pub_[m[Kâ€™ was not declared in this scope; did you mean â€˜[01m[Kdetection_info[m[Kâ€™?
[12.942s]   342 |       [01;31m[Kdetection_pub_[m[K.publish(detection_array_msg);
[12.943s]       |       [01;31m[K^~~~~~~~~~~~~~[m[K
[12.943s]       |       [32m[Kdetection_info[m[K
[12.944s] [01m[K/home/ubuntu/Edited_AirshipMPC/submodules/AirCap/packages/flight/neural_network_detector/src/NNDetector.cpp:345:5:[m[K [01;31m[Kerror: [m[Kâ€˜[01m[KNeuralNetworkNumberOfDetections[m[Kâ€™ was not declared in this scope; did you mean â€˜[01m[Kneural_network_detector::msg::NeuralNetworkNumberOfDetections[m[Kâ€™?
[12.945s]   345 |     [01;31m[KNeuralNetworkNumberOfDetections[m[K amount_msg;
[12.945s]       |     [01;31m[K^~~~~~~~~~~~~~~~~~~~~~~~~~~~~~~[m[K
[12.945s]       |     [32m[Kneural_network_detector::msg::NeuralNetworkNumberOfDetections[m[K
[12.945s] In file included from [01m[K/home/ubuntu/Edited_AirshipMPC/build/neural_network_detector/rosidl_generator_cpp/neural_network_detector/msg/neural_network_number_of_detections.hpp:7[m[K,
[12.945s]                  from [01m[K/home/ubuntu/Edited_AirshipMPC/submodules/AirCap/packages/flight/neural_network_detector/include/neural_network_detector/NNDetector.h:17[m[K,
[12.945s]                  from [01m[K/home/ubuntu/Edited_AirshipMPC/submodules/AirCap/packages/flight/neural_network_detector/src/NNDetector.cpp:5[m[K:
[12.945s] [01m[K/home/ubuntu/Edited_AirshipMPC/build/neural_network_detector/rosidl_generator_cpp/neural_network_detector/msg/detail/neural_network_number_of_detections__struct.hpp:139:7:[m[K [01;36m[Knote: [m[Kâ€˜[01m[Kneural_network_detector::msg::NeuralNetworkNumberOfDetections[m[Kâ€™ declared here
[12.945s]   139 | using [01;36m[KNeuralNetworkNumberOfDetections[m[K =
[12.945s]       |       [01;36m[K^~~~~~~~~~~~~~~~~~~~~~~~~~~~~~~[m[K
[12.961s] [01m[K/home/ubuntu/Edited_AirshipMPC/submodules/AirCap/packages/flight/neural_network_detector/src/NNDetector.cpp:346:5:[m[K [01;31m[Kerror: [m[Kâ€˜[01m[Kamount_msg[m[Kâ€™ was not declared in this scope
[12.961s]   346 |     [01;31m[Kamount_msg[m[K.header.frame_id = msgp->header.frame_id;
[12.961s]       |     [01;31m[K^~~~~~~~~~[m[K
[12.961s] [01m[K/home/ubuntu/Edited_AirshipMPC/submodules/AirCap/packages/flight/neural_network_detector/src/NNDetector.cpp:346:38:[m[K [01;31m[Kerror: [m[Kbase operand of â€˜[01m[K->[m[Kâ€™ is not a pointer
[12.961s]   346 |     amount_msg.header.frame_id = msgp[01;31m[K->[m[Kheader.frame_id;
[12.961s]       |                                      [01;31m[K^~[m[K
[12.961s] [01m[K/home/ubuntu/Edited_AirshipMPC/submodules/AirCap/packages/flight/neural_network_detector/src/NNDetector.cpp:347:35:[m[K [01;31m[Kerror: [m[Kbase operand of â€˜[01m[K->[m[Kâ€™ is not a pointer
[12.961s]   347 |     amount_msg.header.stamp = msgp[01;31m[K->[m[Kheader.stamp;
[12.961s]       |                                   [01;31m[K^~[m[K
[12.992s] [01m[K/home/ubuntu/Edited_AirshipMPC/submodules/AirCap/packages/flight/neural_network_detector/src/NNDetector.cpp:349:5:[m[K [01;31m[Kerror: [m[Kâ€˜[01m[Kdetection_amount_pub_[m[Kâ€™ was not declared in this scope
[12.992s]   349 |     [01;31m[Kdetection_amount_pub_[m[K.publish(amount_msg);
[12.992s]       |     [01;31m[K^~~~~~~~~~~~~~~~~~~~~[m[K
[13.021s] [01m[K/home/ubuntu/Edited_AirshipMPC/submodules/AirCap/packages/flight/neural_network_detector/src/NNDetector.cpp:370:7:[m[K [01;31m[Kerror: [m[Kâ€˜[01m[KROS_WARN_THROTTLE[m[Kâ€™ was not declared in this scope; did you mean â€˜[01m[KRCLCPP_WARN_THROTTLE[m[Kâ€™?
[13.021s]   370 |       [01;31m[KROS_WARN_THROTTLE[m[K(5, "Debug information on topic %s is active due to having at least 1 subscriber",
[13.021s]       |       [01;31m[K^~~~~~~~~~~~~~~~~[m[K
[13.021s]       |       [32m[KRCLCPP_WARN_THROTTLE[m[K
[13.021s] [01m[K/home/ubuntu/Edited_AirshipMPC/submodules/AirCap/packages/flight/neural_network_detector/src/NNDetector.cpp:374:56:[m[K [01;31m[Kerror: [m[Kbase operand of â€˜[01m[K->[m[Kâ€™ is not a pointer
[13.021s]   374 |       debug_result_pub_.publish(cv_bridge::CvImage(msgp[01;31m[K->[m[Kheader, "bgr8", small_img).toImageMsg());
[13.021s]       |                                                        [01;31m[K^~[m[K
[13.033s] In file included from [01m[K/opt/ros/humble/include/rclcpp/rclcpp/client.hpp:40[m[K,
[13.033s]                  from [01m[K/opt/ros/humble/include/rclcpp/rclcpp/callback_group.hpp:24[m[K,
[13.033s]                  from [01m[K/opt/ros/humble/include/rclcpp/rclcpp/any_executable.hpp:20[m[K,
[13.033s]                  from [01m[K/opt/ros/humble/include/rclcpp/rclcpp/memory_strategy.hpp:25[m[K,
[13.033s]                  from [01m[K/opt/ros/humble/include/rclcpp/rclcpp/memory_strategies.hpp:18[m[K,
[13.033s]                  from [01m[K/opt/ros/humble/include/rclcpp/rclcpp/executor_options.hpp:20[m[K,
[13.033s]                  from [01m[K/opt/ros/humble/include/rclcpp/rclcpp/executor.hpp:37[m[K,
[13.034s]                  from [01m[K/opt/ros/humble/include/rclcpp/rclcpp/executors/multi_threaded_executor.hpp:25[m[K,
[13.034s]                  from [01m[K/opt/ros/humble/include/rclcpp/rclcpp/executors.hpp:21[m[K,
[13.034s]                  from [01m[K/opt/ros/humble/include/rclcpp/rclcpp/rclcpp.hpp:155[m[K,
[13.034s]                  from [01m[K/home/ubuntu/Edited_AirshipMPC/submodules/AirCap/packages/flight/neural_network_detector/include/neural_network_detector/NNDetector.h:8[m[K,
[13.034s]                  from [01m[K/home/ubuntu/Edited_AirshipMPC/submodules/AirCap/packages/flight/neural_network_detector/src/NNDetector.cpp:5[m[K:
[13.034s] [01m[K/home/ubuntu/Edited_AirshipMPC/submodules/AirCap/packages/flight/neural_network_detector/src/NNDetector.cpp:378:17:[m[K [01;31m[Kerror: [m[Kâ€˜[01m[Knode[m[Kâ€™ was not declared in this scope
[13.034s]   378 |     RCLCPP_WARN([01;31m[Knode[m[K->get_logger(), "Exception: %s", e.what());
[13.034s]       |                 [01;31m[K^~~~[m[K
[13.034s] [01m[K/home/ubuntu/Edited_AirshipMPC/submodules/AirCap/packages/flight/neural_network_detector/src/NNDetector.cpp:378:5:[m[K [01;31m[Kerror: [m[Ktemplate argument 1 is invalid
[13.034s]   378 |     [01;31m[KRCLCPP_WARN[m[K(node->get_logger(), "Exception: %s", e.what());
[13.034s]       |     [01;31m[K^~~~~~~~~~~[m[K
[13.034s] [01m[K/home/ubuntu/Edited_AirshipMPC/submodules/AirCap/packages/flight/neural_network_detector/src/NNDetector.cpp:378:5:[m[K [01;31m[Kerror: [m[Ktemplate argument 1 is invalid
[13.034s]   378 |     [01;31m[KRCLCPP_WARN[m[K(node->get_logger(), "Exception: %s", e.what());
[13.034s]       |     [01;31m[K^~~~~~~~~~~[m[K
[13.034s] [01m[K/home/ubuntu/Edited_AirshipMPC/submodules/AirCap/packages/flight/neural_network_detector/src/NNDetector.cpp:378:5:[m[K [01;31m[Kerror: [m[Ktemplate argument 1 is invalid
[13.034s]   378 |     [01;31m[KRCLCPP_WARN[m[K(node->get_logger(), "Exception: %s", e.what());
[13.034s]       |     [01;31m[K^~~~~~~~~~~[m[K
[13.043s] [01m[K/home/ubuntu/Edited_AirshipMPC/submodules/AirCap/packages/flight/neural_network_detector/src/NNDetector.cpp:379:17:[m[K [01;31m[Kerror: [m[Kâ€˜[01m[Knode[m[Kâ€™ was not declared in this scope
[13.043s]   379 |     RCLCPP_INFO([01;31m[Knode[m[K->get_logger(), "Creating new TCP client");
[13.043s]       |                 [01;31m[K^~~~[m[K
[13.043s] [01m[K/home/ubuntu/Edited_AirshipMPC/submodules/AirCap/packages/flight/neural_network_detector/src/NNDetector.cpp:379:5:[m[K [01;31m[Kerror: [m[Ktemplate argument 1 is invalid
[13.043s]   379 |     [01;31m[KRCLCPP_INFO[m[K(node->get_logger(), "Creating new TCP client");
[13.043s]       |     [01;31m[K^~~~~~~~~~~[m[K
[13.043s] [01m[K/home/ubuntu/Edited_AirshipMPC/submodules/AirCap/packages/flight/neural_network_detector/src/NNDetector.cpp:379:5:[m[K [01;31m[Kerror: [m[Ktemplate argument 1 is invalid
[13.043s]   379 |     [01;31m[KRCLCPP_INFO[m[K(node->get_logger(), "Creating new TCP client");
[13.043s]       |     [01;31m[K^~~~~~~~~~~[m[K
[13.043s] [01m[K/home/ubuntu/Edited_AirshipMPC/submodules/AirCap/packages/flight/neural_network_detector/src/NNDetector.cpp:379:5:[m[K [01;31m[Kerror: [m[Ktemplate argument 1 is invalid
[13.043s]   379 |     [01;31m[KRCLCPP_INFO[m[K(node->get_logger(), "Creating new TCP client");
[13.044s]       |     [01;31m[K^~~~~~~~~~~[m[K
[13.044s] [01m[K/home/ubuntu/Edited_AirshipMPC/submodules/AirCap/packages/flight/neural_network_detector/src/NNDetector.cpp:385:32:[m[K [01;31m[Kerror: [m[Kâ€˜[01m[Kros[m[Kâ€™ has not been declared
[13.044s]   385 |     if (!this->connectMultiple([01;31m[Kros[m[K::Rate(0.2), 100)) {
[13.044s]       |                                [01;31m[K^~~[m[K
[13.044s] [01m[K/home/ubuntu/Edited_AirshipMPC/submodules/AirCap/packages/flight/neural_network_detector/src/NNDetector.cpp:386:7:[m[K [01;31m[Kerror: [m[Kâ€˜[01m[Kros[m[Kâ€™ has not been declared
[13.044s]   386 |       [01;31m[Kros[m[K::shutdown();
[13.044s]       |       [01;31m[K^~~[m[K
[13.053s] In file included from [01m[K/opt/ros/humble/include/rclcpp/rclcpp/client.hpp:40[m[K,
[13.053s]                  from [01m[K/opt/ros/humble/include/rclcpp/rclcpp/callback_group.hpp:24[m[K,
[13.053s]                  from [01m[K/opt/ros/humble/include/rclcpp/rclcpp/any_executable.hpp:20[m[K,
[13.054s]                  from [01m[K/opt/ros/humble/include/rclcpp/rclcpp/memory_strategy.hpp:25[m[K,
[13.054s]                  from [01m[K/opt/ros/humble/include/rclcpp/rclcpp/memory_strategies.hpp:18[m[K,
[13.054s]                  from [01m[K/opt/ros/humble/include/rclcpp/rclcpp/executor_options.hpp:20[m[K,
[13.054s]                  from [01m[K/opt/ros/humble/include/rclcpp/rclcpp/executor.hpp:37[m[K,
[13.054s]                  from [01m[K/opt/ros/humble/include/rclcpp/rclcpp/executors/multi_threaded_executor.hpp:25[m[K,
[13.054s]                  from [01m[K/opt/ros/humble/include/rclcpp/rclcpp/executors.hpp:21[m[K,
[13.054s]                  from [01m[K/opt/ros/humble/include/rclcpp/rclcpp/rclcpp.hpp:155[m[K,
[13.054s]                  from [01m[K/home/ubuntu/Edited_AirshipMPC/submodules/AirCap/packages/flight/neural_network_detector/include/neural_network_detector/NNDetector.h:8[m[K,
[13.054s]                  from [01m[K/home/ubuntu/Edited_AirshipMPC/submodules/AirCap/packages/flight/neural_network_detector/src/NNDetector.cpp:5[m[K:
[13.054s] [01m[K/home/ubuntu/Edited_AirshipMPC/submodules/AirCap/packages/flight/neural_network_detector/src/NNDetector.cpp:[m[K In member function â€˜[01m[Kvoid neural_network_detector::NNDetector::connectCallback()[m[Kâ€™:
[13.054s] [01m[K/home/ubuntu/Edited_AirshipMPC/submodules/AirCap/packages/flight/neural_network_detector/src/NNDetector.cpp:395:17:[m[K [01;31m[Kerror: [m[Kâ€˜[01m[Knode[m[Kâ€™ was not declared in this scope
[13.054s]   395 |     RCLCPP_INFO([01;31m[Knode[m[K->get_logger(), "At least one client is connected to debug topic");
[13.054s]       |                 [01;31m[K^~~~[m[K
[13.054s] [01m[K/home/ubuntu/Edited_AirshipMPC/submodules/AirCap/packages/flight/neural_network_detector/src/NNDetector.cpp:395:5:[m[K [01;31m[Kerror: [m[Ktemplate argument 1 is invalid
[13.054s]   395 |     [01;31m[KRCLCPP_INFO[m[K(node->get_logger(), "At least one client is connected to debug topic");
[13.054s]       |     [01;31m[K^~~~~~~~~~~[m[K
[13.054s] [01m[K/home/ubuntu/Edited_AirshipMPC/submodules/AirCap/packages/flight/neural_network_detector/src/NNDetector.cpp:395:5:[m[K [01;31m[Kerror: [m[Ktemplate argument 1 is invalid
[13.054s]   395 |     [01;31m[KRCLCPP_INFO[m[K(node->get_logger(), "At least one client is connected to debug topic");
[13.054s]       |     [01;31m[K^~~~~~~~~~~[m[K
[13.054s] [01m[K/home/ubuntu/Edited_AirshipMPC/submodules/AirCap/packages/flight/neural_network_detector/src/NNDetector.cpp:395:5:[m[K [01;31m[Kerror: [m[Ktemplate argument 1 is invalid
[13.054s]   395 |     [01;31m[KRCLCPP_INFO[m[K(node->get_logger(), "At least one client is connected to debug topic");
[13.054s]       |     [01;31m[K^~~~~~~~~~~[m[K
[13.063s] [01m[K/home/ubuntu/Edited_AirshipMPC/submodules/AirCap/packages/flight/neural_network_detector/src/NNDetector.cpp:397:17:[m[K [01;31m[Kerror: [m[Kâ€˜[01m[Knode[m[Kâ€™ was not declared in this scope
[13.063s]   397 |     RCLCPP_INFO([01;31m[Knode[m[K->get_logger(), "Clients disconnected from debug topic - stopping debug");
[13.063s]       |                 [01;31m[K^~~~[m[K
[13.063s] [01m[K/home/ubuntu/Edited_AirshipMPC/submodules/AirCap/packages/flight/neural_network_detector/src/NNDetector.cpp:397:5:[m[K [01;31m[Kerror: [m[Ktemplate argument 1 is invalid
[13.063s]   397 |     [01;31m[KRCLCPP_INFO[m[K(node->get_logger(), "Clients disconnected from debug topic - stopping debug");
[13.063s]       |     [01;31m[K^~~~~~~~~~~[m[K
[13.063s] [01m[K/home/ubuntu/Edited_AirshipMPC/submodules/AirCap/packages/flight/neural_network_detector/src/NNDetector.cpp:397:5:[m[K [01;31m[Kerror: [m[Ktemplate argument 1 is invalid
[13.063s]   397 |     [01;31m[KRCLCPP_INFO[m[K(node->get_logger(), "Clients disconnected from debug topic - stopping debug");
[13.063s]       |     [01;31m[K^~~~~~~~~~~[m[K
[13.063s] [01m[K/home/ubuntu/Edited_AirshipMPC/submodules/AirCap/packages/flight/neural_network_detector/src/NNDetector.cpp:397:5:[m[K [01;31m[Kerror: [m[Ktemplate argument 1 is invalid
[13.064s]   397 |     [01;31m[KRCLCPP_INFO[m[K(node->get_logger(), "Clients disconnected from debug topic - stopping debug");
[13.064s]       |     [01;31m[K^~~~~~~~~~~[m[K
[13.064s] [01m[K/home/ubuntu/Edited_AirshipMPC/submodules/AirCap/packages/flight/neural_network_detector/src/NNDetector.cpp:[m[K At global scope:
[13.064s] [01m[K/home/ubuntu/Edited_AirshipMPC/submodules/AirCap/packages/flight/neural_network_detector/src/NNDetector.cpp:400:66:[m[K [01;31m[Kerror: [m[Kâ€˜[01m[KNeuralNetworkFeedbackConstPtr[m[Kâ€™ in namespace â€˜[01m[Kneural_network_detector[m[Kâ€™ does not name a type
[13.064s]   400 | void NNDetector::feedbackCallback(const neural_network_detector::[01;31m[KNeuralNetworkFeedbackConstPtr[m[K &msg) {
[13.064s]       |                                                                  [01;31m[K^~~~~~~~~~~~~~~~~~~~~~~~~~~~~[m[K
[13.089s] [01m[K/home/ubuntu/Edited_AirshipMPC/submodules/AirCap/packages/flight/neural_network_detector/src/NNDetector.cpp:[m[K In member function â€˜[01m[Kvoid neural_network_detector::NNDetector::feedbackCallback(const int&)[m[Kâ€™:
[13.089s] [01m[K/home/ubuntu/Edited_AirshipMPC/submodules/AirCap/packages/flight/neural_network_detector/src/NNDetector.cpp:401:3:[m[K [01;31m[Kerror: [m[Kâ€˜[01m[Klatest_feedback_[m[Kâ€™ was not declared in this scope
[13.089s]   401 |   [01;31m[Klatest_feedback_[m[K = *msg;
[13.089s]       |   [01;31m[K^~~~~~~~~~~~~~~~[m[K
[13.089s] [01m[K/home/ubuntu/Edited_AirshipMPC/submodules/AirCap/packages/flight/neural_network_detector/src/NNDetector.cpp:401:22:[m[K [01;31m[Kerror: [m[Kinvalid type argument of unary â€˜[01m[K*[m[Kâ€™ (have â€˜[01m[Kint[m[Kâ€™)
[13.089s]   401 |   latest_feedback_ = [01;31m[K*msg[m[K;
[13.089s]       |                      [01;31m[K^~~~[m[K
[14.031s] gmake[2]: *** [CMakeFiles/neural_network_detector_node.dir/build.make:76: CMakeFiles/neural_network_detector_node.dir/src/neural_network_detector_node.cpp.o] Error 1
[14.031s] gmake[1]: *** [CMakeFiles/Makefile2:656: CMakeFiles/neural_network_detector_node.dir/all] Error 2
[14.481s] [01m[K/home/ubuntu/Edited_AirshipMPC/submodules/AirCap/packages/flight/neural_network_detector/src/NNDetector.cpp:[m[K In function â€˜[01m[Kcv::Rect neural_network_detector::get_crop_area(const int&, const Size2i&, const Size2i&, float, cv::projection2i&, bool)[m[Kâ€™:
[14.481s] [01m[K/home/ubuntu/Edited_AirshipMPC/submodules/AirCap/packages/flight/neural_network_detector/src/NNDetector.cpp:67:1:[m[K [01;35m[Kwarning: [m[Kcontrol reaches end of non-void function [[01;35m[K]8;;https://gcc.gnu.org/onlinedocs/gcc/Warning-Options.html#index-Wreturn-type-Wreturn-type]8;;[m[K]
[14.481s]    67 | [01;35m[K}[m[K
[14.481s]       | [01;35m[K^[m[K
[14.728s] gmake[2]: *** [CMakeFiles/NNDetector.dir/build.make:76: CMakeFiles/NNDetector.dir/src/NNDetector.cpp.o] Error 1
[14.729s] gmake[1]: *** [CMakeFiles/Makefile2:600: CMakeFiles/NNDetector.dir/all] Error 2
[14.729s] gmake: *** [Makefile:146: all] Error 2
[14.732s] Invoked command in '/home/ubuntu/Edited_AirshipMPC/build/neural_network_detector' returned '2': CMAKE_PREFIX_PATH=/opt/ros/humble /usr/bin/cmake --build /home/ubuntu/Edited_AirshipMPC/build/neural_network_detector -- -j4 -l4
